SF:lib\common\entities\loan\test.dart
DA:3,1
DA:4,1
DA:11,1
DA:17,1
DA:18,3
DA:20,3
DA:22,3
DA:28,0
DA:30,1
DA:31,3
DA:32,3
DA:41,0
DA:43,0
DA:46,0
DA:47,0
DA:48,0
DA:49,0
DA:54,1
DA:61,1
DA:63,3
DA:65,3
DA:67,3
DA:73,0
DA:75,1
DA:76,3
DA:77,3
DA:79,3
DA:89,0
DA:91,0
DA:94,0
DA:95,0
DA:96,0
DA:97,0
DA:98,0
DA:103,1
DA:112,2
DA:113,3
DA:114,1
DA:115,2
DA:117,3
DA:119,3
DA:121,3
DA:122,3
DA:132,0
DA:134,0
DA:137,0
DA:138,0
DA:139,0
DA:140,0
DA:141,0
DA:142,0
DA:143,0
LF:52
LH:28
end_of_record
SF:lib\main.dart
DA:19,0
DA:20,0
DA:21,0
DA:22,0
DA:25,0
DA:26,0
DA:31,1
DA:33,0
DA:35,0
DA:37,0
DA:38,0
DA:39,0
DA:44,0
DA:46,0
DA:49,0
DA:50,0
DA:51,0
DA:52,0
DA:53,0
DA:59,0
DA:60,0
LF:21
LH:1
end_of_record
SF:lib\common\apis\user.dart
DA:7,0
DA:10,0
DA:12,0
DA:14,0
DA:18,0
DA:21,0
DA:23,0
DA:25,0
DA:29,0
DA:30,0
DA:33,0
DA:37,0
DA:38,0
LF:13
LH:0
end_of_record
SF:lib\common\apis\news.dart
DA:9,0
DA:14,0
DA:16,0
DA:21,0
DA:25,0
DA:30,0
DA:32,0
DA:36,0
DA:40,0
DA:43,0
DA:48,0
DA:49,0
DA:50,0
DA:54,0
DA:57,0
DA:62,0
DA:63,0
DA:64,0
DA:68,0
DA:72,0
DA:74,0
DA:78,0
DA:79,0
LF:23
LH:0
end_of_record
SF:lib\common\apis\common.dart
DA:49,0
DA:51,0
DA:53,0
DA:60,0
DA:63,0
DA:64,0
DA:66,0
DA:68,0
DA:71,0
DA:72,0
DA:76,0
DA:79,0
DA:80,0
DA:82,0
DA:84,0
DA:87,0
DA:88,0
DA:93,0
DA:95,0
DA:99,0
DA:100,0
DA:102,0
DA:107,0
DA:110,0
DA:111,0
DA:113,0
DA:115,0
DA:118,0
DA:119,0
DA:123,0
DA:126,0
DA:127,0
DA:131,0
DA:134,0
DA:136,0
DA:140,0
DA:143,0
DA:144,0
DA:148,0
DA:151,0
DA:152,0
DA:156,0
DA:159,0
DA:160,0
DA:164,0
DA:167,0
DA:168,0
DA:172,0
DA:175,0
DA:176,0
DA:180,0
DA:183,0
DA:185,0
DA:189,0
DA:192,0
DA:193,0
DA:197,0
DA:200,0
DA:202,0
DA:206,0
DA:209,0
DA:211,0
DA:215,0
DA:218,0
DA:219,0
DA:223,0
DA:226,0
DA:227,0
DA:231,0
DA:234,0
DA:235,0
DA:239,0
DA:242,0
DA:243,0
DA:247,0
DA:250,0
DA:251,0
DA:255,0
DA:258,0
DA:259,0
DA:263,0
DA:266,0
DA:267,0
DA:271,0
DA:274,0
DA:275,0
DA:279,0
DA:282,0
DA:283,0
DA:287,0
DA:290,0
DA:292,0
DA:296,0
DA:299,0
DA:300,0
DA:304,0
DA:307,0
DA:309,0
DA:313,0
DA:316,0
DA:318,0
DA:322,0
DA:324,0
DA:326,0
DA:330,0
DA:332,0
DA:333,0
DA:337,0
DA:339,0
DA:340,0
DA:344,0
DA:346,0
DA:347,0
DA:349,0
DA:351,0
DA:354,0
DA:355,0
DA:357,0
DA:359,0
DA:362,0
DA:363,0
DA:365,0
DA:367,0
DA:370,0
DA:371,0
DA:373,0
DA:375,0
DA:378,0
DA:379,0
DA:381,0
DA:383,0
DA:386,0
DA:388,0
DA:392,0
DA:395,0
DA:396,0
DA:400,0
DA:403,0
DA:404,0
DA:408,0
DA:411,0
DA:412,0
DA:416,0
DA:419,0
DA:421,0
DA:425,0
DA:428,0
DA:429,0
DA:433,0
DA:436,0
DA:438,0
DA:442,0
DA:445,0
DA:447,0
DA:451,0
DA:454,0
DA:455,0
DA:457,0
DA:459,0
DA:462,0
DA:463,0
DA:464,0
DA:468,0
DA:471,0
DA:472,0
DA:473,0
DA:474,0
DA:475,0
DA:477,0
DA:478,0
DA:482,0
DA:483,0
DA:485,0
DA:486,0
DA:488,0
DA:491,0
DA:495,0
DA:498,0
DA:499,0
DA:500,0
DA:504,0
DA:507,0
DA:508,0
DA:509,0
DA:513,0
DA:516,0
DA:517,0
DA:519,0
DA:521,0
DA:524,0
DA:525,0
DA:527,0
DA:529,0
DA:532,0
DA:533,0
DA:535,0
DA:537,0
DA:540,0
DA:541,0
DA:543,0
DA:545,0
DA:548,0
DA:549,0
DA:550,0
DA:551,0
DA:553,0
DA:556,0
DA:557,0
DA:559,0
DA:565,0
DA:568,0
DA:570,0
DA:572,0
DA:578,0
DA:581,0
DA:583,0
DA:585,0
DA:591,0
DA:594,0
DA:596,0
DA:598,0
DA:604,0
DA:607,0
DA:608,0
DA:610,0
DA:616,0
DA:619,0
DA:620,0
DA:621,0
DA:622,0
DA:624,0
DA:627,0
DA:628,0
DA:630,0
DA:632,0
DA:635,0
DA:636,0
DA:638,0
DA:640,0
DA:643,0
DA:645,0
DA:650,0
DA:653,0
DA:654,0
DA:658,0
DA:661,0
DA:662,0
DA:664,0
DA:666,0
DA:669,0
DA:671,0
DA:673,0
DA:675,0
DA:678,0
DA:680,0
DA:681,0
DA:682,0
DA:683,0
DA:686,0
DA:689,0
DA:691,0
DA:692,0
DA:693,0
DA:696,0
DA:697,0
DA:700,0
DA:703,0
DA:705,0
DA:706,0
DA:709,0
DA:712,0
DA:714,0
DA:715,0
DA:718,0
DA:721,0
DA:723,0
DA:724,0
DA:725,0
DA:726,0
DA:729,0
DA:732,0
DA:733,0
DA:735,0
DA:737,0
DA:740,0
DA:743,0
DA:745,0
DA:747,0
DA:750,0
DA:751,0
DA:756,0
DA:758,0
DA:762,0
DA:763,0
DA:765,0
DA:770,0
DA:773,0
DA:781,0
DA:782,0
DA:783,0
DA:784,0
DA:785,0
DA:786,0
DA:787,0
DA:788,0
DA:792,0
DA:795,0
DA:799,0
DA:800,0
DA:801,0
DA:802,0
DA:803,0
DA:807,0
DA:810,0
DA:812,0
DA:816,0
DA:819,0
DA:821,0
DA:825,0
DA:828,0
DA:830,0
DA:834,0
DA:837,0
DA:838,0
DA:840,0
DA:842,0
DA:845,0
DA:846,0
DA:848,0
DA:850,0
DA:853,0
DA:854,0
DA:856,0
DA:858,0
DA:861,0
DA:862,0
DA:864,0
DA:866,0
DA:869,0
DA:871,0
DA:872,0
DA:874,0
DA:875,0
DA:876,0
DA:878,0
DA:879,0
DA:881,0
DA:882,0
DA:883,0
DA:886,0
DA:887,0
DA:889,0
DA:890,0
DA:894,0
DA:898,0
DA:900,0
DA:901,0
DA:902,0
DA:903,0
DA:904,0
DA:905,0
DA:910,0
DA:911,0
DA:912,0
DA:914,0
DA:915,0
DA:916,0
DA:918,0
DA:919,0
DA:921,0
DA:922,0
DA:924,0
DA:925,0
DA:928,0
DA:929,0
DA:931,0
DA:932,0
DA:934,0
DA:935,0
DA:937,0
DA:938,0
DA:940,0
DA:941,0
DA:943,0
DA:944,0
DA:947,0
DA:948,0
DA:950,0
DA:951,0
DA:953,0
DA:954,0
DA:956,0
DA:957,0
DA:959,0
DA:960,0
DA:961,0
DA:964,0
DA:965,0
DA:968,0
DA:969,0
DA:971,0
DA:972,0
DA:975,0
DA:976,0
DA:978,0
DA:979,0
DA:980,0
DA:987,0
DA:988,0
DA:991,0
DA:993,0
DA:994,0
DA:996,0
DA:1000,0
DA:1004,0
DA:1007,0
DA:1009,0
DA:1013,0
DA:1017,0
DA:1020,0
DA:1022,0
DA:1023,0
DA:1024,0
DA:1025,0
DA:1026,0
DA:1027,0
DA:1032,0
DA:1033,0
DA:1034,0
DA:1036,0
DA:1037,0
DA:1038,0
DA:1040,0
DA:1041,0
DA:1043,0
DA:1044,0
DA:1046,0
DA:1047,0
DA:1050,0
DA:1051,0
DA:1053,0
DA:1054,0
DA:1056,0
DA:1057,0
DA:1059,0
DA:1060,0
DA:1062,0
DA:1063,0
DA:1065,0
DA:1066,0
DA:1069,0
DA:1070,0
DA:1072,0
DA:1073,0
DA:1075,0
DA:1076,0
DA:1078,0
DA:1079,0
DA:1081,0
DA:1082,0
DA:1083,0
DA:1086,0
DA:1087,0
DA:1090,0
DA:1091,0
DA:1093,0
DA:1094,0
DA:1097,0
DA:1098,0
DA:1100,0
DA:1101,0
DA:1102,0
DA:1109,0
DA:1110,0
DA:1113,0
DA:1115,0
DA:1116,0
DA:1118,0
DA:1122,0
DA:1126,0
DA:1129,0
DA:1131,0
DA:1135,0
DA:1139,0
LF:484
LH:0
end_of_record
SF:lib\common\entities\common_result.dart
DA:4,0
DA:6,0
DA:8,0
DA:9,0
DA:14,0
DA:15,0
DA:16,0
DA:20,0
DA:24,0
DA:25,0
DA:30,0
DA:31,0
DA:33,0
DA:34,0
DA:35,0
DA:36,0
DA:37,0
DA:38,0
DA:39,0
DA:41,0
DA:43,0
DA:47,0
DA:54,0
DA:62,0
DA:63,0
DA:64,0
DA:65,0
DA:66,0
DA:67,0
DA:75,0
DA:77,0
DA:80,0
DA:81,0
DA:82,0
DA:83,0
DA:84,0
LF:36
LH:0
end_of_record
SF:lib\common\entities\detail\calllog.dart
DA:4,0
DA:6,0
DA:8,0
DA:9,0
DA:14,0
DA:15,0
DA:16,0
DA:20,0
DA:24,0
DA:25,0
DA:30,0
DA:31,0
DA:33,0
DA:34,0
DA:35,0
DA:36,0
DA:37,0
DA:38,0
DA:39,0
DA:41,0
DA:43,0
DA:47,0
DA:49,0
DA:51,0
DA:53,0
DA:55,0
DA:62,0
DA:68,0
DA:69,0
DA:70,0
DA:71,0
DA:72,0
DA:79,0
DA:81,0
DA:84,0
DA:85,0
DA:86,0
DA:87,0
DA:92,0
DA:107,0
DA:108,0
DA:110,0
DA:112,0
DA:113,0
DA:118,0
DA:119,0
DA:121,0
DA:122,0
DA:123,0
DA:124,0
DA:125,0
DA:126,0
DA:127,0
DA:128,0
DA:129,0
DA:130,0
DA:147,0
DA:149,0
DA:152,0
DA:153,0
DA:154,0
DA:155,0
DA:156,0
DA:157,0
DA:158,0
DA:159,0
DA:160,0
DA:161,0
DA:162,0
DA:163,0
DA:164,0
DA:169,0
DA:176,0
DA:177,0
DA:178,0
DA:179,0
DA:180,0
DA:188,0
DA:190,0
DA:193,0
DA:194,0
DA:195,0
DA:196,0
DA:197,0
LF:84
LH:0
end_of_record
SF:lib\common\entities\detail\claim_customer.dart
DA:4,0
DA:6,0
DA:8,0
DA:9,0
DA:14,0
DA:15,0
DA:16,0
DA:20,0
DA:24,0
DA:25,0
DA:30,0
DA:31,0
DA:33,0
DA:34,0
DA:35,0
DA:36,0
DA:37,0
DA:38,0
DA:39,0
DA:41,0
DA:43,0
DA:47,0
DA:49,0
DA:51,0
DA:53,0
DA:55,0
DA:62,0
DA:69,0
DA:70,0
DA:71,0
DA:72,0
DA:73,0
DA:74,0
DA:81,0
DA:83,0
DA:86,0
DA:87,0
DA:88,0
DA:89,0
LF:39
LH:0
end_of_record
SF:lib\common\entities\detail\connect.dart
DA:4,0
DA:6,0
DA:8,0
DA:9,0
DA:14,0
DA:15,0
DA:16,0
DA:20,0
DA:24,0
DA:25,0
DA:30,0
DA:31,0
DA:33,0
DA:34,0
DA:35,0
DA:36,0
DA:37,0
DA:38,0
DA:39,0
DA:41,0
DA:43,0
DA:47,0
DA:49,0
DA:51,0
DA:53,0
DA:55,0
DA:62,0
DA:68,0
DA:69,0
DA:70,0
DA:71,0
DA:72,0
DA:79,0
DA:81,0
DA:84,0
DA:85,0
DA:86,0
DA:87,0
DA:92,0
DA:107,0
DA:108,0
DA:110,0
DA:112,0
DA:113,0
DA:118,0
DA:119,0
DA:121,0
DA:122,0
DA:123,0
DA:124,0
DA:125,0
DA:126,0
DA:127,0
DA:128,0
DA:129,0
DA:130,0
DA:147,0
DA:149,0
DA:152,0
DA:153,0
DA:154,0
DA:155,0
DA:156,0
DA:157,0
DA:158,0
DA:159,0
DA:160,0
DA:161,0
DA:162,0
DA:163,0
DA:164,0
DA:169,0
DA:179,0
DA:180,0
DA:181,0
DA:182,0
DA:183,0
DA:184,0
DA:185,0
DA:186,0
DA:197,0
DA:199,0
DA:202,0
DA:203,0
DA:204,0
DA:205,0
DA:206,0
DA:207,0
DA:208,0
DA:209,0
LF:90
LH:0
end_of_record
SF:lib\common\entities\detail\free_vip.dart
DA:4,0
DA:6,0
DA:8,0
DA:9,0
DA:14,0
DA:15,0
DA:16,0
DA:20,0
DA:24,0
DA:25,0
DA:30,0
DA:31,0
DA:33,0
DA:34,0
DA:35,0
DA:36,0
DA:37,0
DA:38,0
DA:39,0
DA:41,0
DA:43,0
DA:47,0
DA:54,0
DA:61,0
DA:62,0
DA:63,0
DA:64,0
DA:65,0
DA:66,0
DA:73,0
DA:75,0
DA:78,0
DA:79,0
DA:80,0
DA:81,0
DA:82,0
DA:87,0
DA:91,0
DA:92,0
DA:97,0
DA:99,0
DA:102,0
DA:103,0
DA:108,0
DA:123,0
DA:124,0
DA:125,0
DA:126,0
DA:127,0
DA:128,0
DA:129,0
DA:130,0
DA:131,0
DA:132,0
DA:133,0
DA:134,0
DA:135,0
DA:151,0
DA:153,0
DA:156,0
DA:157,0
DA:158,0
DA:159,0
DA:160,0
DA:161,0
DA:162,0
DA:163,0
DA:164,0
DA:165,0
DA:166,0
DA:167,0
DA:168,0
LF:72
LH:0
end_of_record
SF:lib\common\entities\detail\store_vip.dart
DA:4,0
DA:6,0
DA:8,0
DA:9,0
DA:14,0
DA:15,0
DA:16,0
DA:20,0
DA:24,0
DA:25,0
DA:30,0
DA:31,0
DA:33,0
DA:34,0
DA:35,0
DA:36,0
DA:37,0
DA:38,0
DA:39,0
DA:41,0
DA:43,0
DA:47,0
DA:54,0
DA:60,0
DA:61,0
DA:62,0
DA:63,0
DA:64,0
DA:71,0
DA:73,0
DA:76,0
DA:77,0
DA:78,0
DA:79,0
DA:84,0
DA:91,0
DA:92,0
DA:94,0
DA:96,0
DA:97,0
DA:102,0
DA:103,0
DA:105,0
DA:106,0
DA:115,0
DA:117,0
DA:120,0
DA:121,0
DA:122,0
DA:123,0
DA:124,0
DA:129,0
DA:150,0
DA:151,0
DA:152,0
DA:153,0
DA:154,0
DA:155,0
DA:156,0
DA:157,0
DA:158,0
DA:159,0
DA:160,0
DA:161,0
DA:162,0
DA:163,0
DA:164,0
DA:165,0
DA:166,0
DA:167,0
DA:168,0
DA:190,0
DA:192,0
DA:195,0
DA:196,0
DA:197,0
DA:198,0
DA:199,0
DA:200,0
DA:201,0
DA:202,0
DA:203,0
DA:204,0
DA:205,0
DA:206,0
DA:207,0
DA:208,0
DA:209,0
DA:210,0
DA:211,0
DA:212,0
DA:213,0
LF:92
LH:0
end_of_record
SF:lib\common\entities\detail\user.dart
DA:4,0
DA:6,0
DA:8,0
DA:9,0
DA:14,0
DA:15,0
DA:16,0
DA:20,0
DA:24,0
DA:25,0
DA:30,0
DA:31,0
DA:33,0
DA:34,0
DA:35,0
DA:36,0
DA:37,0
DA:38,0
DA:39,0
DA:41,0
DA:43,0
DA:47,0
DA:54,0
DA:60,0
DA:61,0
DA:62,0
DA:63,0
DA:70,0
DA:72,0
DA:75,0
DA:76,0
DA:77,0
DA:78,0
DA:83,0
DA:93,0
DA:94,0
DA:96,0
DA:98,0
DA:99,0
DA:104,0
DA:105,0
DA:107,0
DA:108,0
DA:109,0
DA:110,0
DA:111,0
DA:123,0
DA:125,0
DA:128,0
DA:129,0
DA:130,0
DA:131,0
DA:132,0
DA:133,0
DA:134,0
DA:135,0
DA:140,0
DA:163,0
DA:164,0
DA:165,0
DA:166,0
DA:167,0
DA:168,0
DA:169,0
DA:170,0
DA:171,0
DA:172,0
DA:173,0
DA:174,0
DA:175,0
DA:176,0
DA:177,0
DA:178,0
DA:179,0
DA:180,0
DA:181,0
DA:182,0
DA:183,0
DA:207,0
DA:209,0
DA:212,0
DA:213,0
DA:214,0
DA:215,0
DA:216,0
DA:217,0
DA:218,0
DA:219,0
DA:220,0
DA:221,0
DA:222,0
DA:223,0
DA:224,0
DA:225,0
DA:226,0
DA:227,0
DA:228,0
DA:229,0
DA:230,0
DA:231,0
DA:232,0
LF:101
LH:0
end_of_record
SF:lib\common\entities\detail\user_detail.dart
DA:4,0
DA:6,0
DA:8,0
DA:9,0
DA:14,0
DA:15,0
DA:16,0
DA:20,0
DA:24,0
DA:25,0
DA:30,0
DA:31,0
DA:33,0
DA:34,0
DA:35,0
DA:36,0
DA:37,0
DA:38,0
DA:39,0
DA:41,0
DA:43,0
DA:47,0
DA:48,0
DA:50,0
DA:52,0
DA:54,0
DA:59,0
DA:61,0
DA:63,0
DA:65,0
DA:72,0
DA:78,0
DA:79,0
DA:80,0
DA:81,0
DA:82,0
DA:89,0
DA:91,0
DA:94,0
DA:95,0
DA:96,0
DA:97,0
DA:102,0
DA:115,0
DA:116,0
DA:118,0
DA:120,0
DA:121,0
DA:127,0
DA:129,0
DA:131,0
DA:132,0
DA:138,0
DA:140,0
DA:142,0
DA:143,0
DA:149,0
DA:151,0
DA:153,0
DA:154,0
DA:159,0
DA:160,0
DA:161,0
DA:162,0
DA:163,0
DA:168,0
DA:169,0
DA:184,0
DA:186,0
DA:189,0
DA:190,0
DA:191,0
DA:192,0
DA:193,0
DA:194,0
DA:195,0
DA:196,0
DA:197,0
DA:198,0
DA:199,0
DA:204,0
DA:252,0
DA:253,0
DA:254,0
DA:255,0
DA:256,0
DA:257,0
DA:258,0
DA:259,0
DA:260,0
DA:261,0
DA:262,0
DA:263,0
DA:264,0
DA:265,0
DA:266,0
DA:267,0
DA:268,0
DA:269,0
DA:270,0
DA:271,0
DA:272,0
DA:273,0
DA:274,0
DA:275,0
DA:276,0
DA:277,0
DA:278,0
DA:279,0
DA:280,0
DA:281,0
DA:282,0
DA:283,0
DA:284,0
DA:285,0
DA:286,0
DA:287,0
DA:288,0
DA:289,0
DA:290,0
DA:291,0
DA:292,0
DA:293,0
DA:294,0
DA:295,0
DA:296,0
DA:297,0
DA:346,0
DA:348,0
DA:351,0
DA:352,0
DA:353,0
DA:354,0
DA:355,0
DA:356,0
DA:357,0
DA:358,0
DA:359,0
DA:360,0
DA:361,0
DA:362,0
DA:363,0
DA:364,0
DA:365,0
DA:366,0
DA:367,0
DA:368,0
DA:369,0
DA:370,0
DA:371,0
DA:372,0
DA:373,0
DA:374,0
DA:375,0
DA:376,0
DA:377,0
DA:378,0
DA:379,0
DA:380,0
DA:381,0
DA:382,0
DA:383,0
DA:384,0
DA:385,0
DA:386,0
DA:387,0
DA:388,0
DA:389,0
DA:390,0
DA:391,0
DA:392,0
DA:393,0
DA:394,0
DA:395,0
DA:396,0
DA:401,0
DA:607,0
DA:608,0
DA:610,0
DA:612,0
DA:613,0
DA:618,0
DA:619,0
DA:620,0
DA:621,0
DA:622,0
DA:623,0
DA:624,0
DA:625,0
DA:626,0
DA:627,0
DA:628,0
DA:629,0
DA:630,0
DA:631,0
DA:632,0
DA:633,0
DA:634,0
DA:635,0
DA:636,0
DA:637,0
DA:638,0
DA:639,0
DA:640,0
DA:641,0
DA:642,0
DA:643,0
DA:644,0
DA:645,0
DA:646,0
DA:647,0
DA:648,0
DA:649,0
DA:650,0
DA:651,0
DA:652,0
DA:653,0
DA:654,0
DA:655,0
DA:656,0
DA:657,0
DA:658,0
DA:659,0
DA:660,0
DA:661,0
DA:662,0
DA:663,0
DA:664,0
DA:665,0
DA:666,0
DA:667,0
DA:668,0
DA:669,0
DA:670,0
DA:671,0
DA:672,0
DA:673,0
DA:674,0
DA:675,0
DA:676,0
DA:677,0
DA:678,0
DA:679,0
DA:680,0
DA:681,0
DA:682,0
DA:683,0
DA:684,0
DA:685,0
DA:686,0
DA:687,0
DA:688,0
DA:689,0
DA:690,0
DA:691,0
DA:692,0
DA:693,0
DA:694,0
DA:695,0
DA:696,0
DA:697,0
DA:698,0
DA:699,0
DA:700,0
DA:701,0
DA:702,0
DA:703,0
DA:704,0
DA:705,0
DA:706,0
DA:707,0
DA:708,0
DA:709,0
DA:710,0
DA:711,0
DA:712,0
DA:713,0
DA:714,0
DA:715,0
DA:716,0
DA:717,0
DA:718,0
DA:719,0
DA:720,0
DA:721,0
DA:722,0
DA:723,0
DA:724,0
DA:725,0
DA:726,0
DA:727,0
DA:728,0
DA:729,0
DA:730,0
DA:731,0
DA:732,0
DA:733,0
DA:734,0
DA:735,0
DA:736,0
DA:737,0
DA:738,0
DA:739,0
DA:740,0
DA:741,0
DA:742,0
DA:743,0
DA:744,0
DA:745,0
DA:746,0
DA:747,0
DA:748,0
DA:749,0
DA:750,0
DA:751,0
DA:752,0
DA:753,0
DA:754,0
DA:755,0
DA:756,0
DA:757,0
DA:758,0
DA:759,0
DA:760,0
DA:762,0
DA:763,0
DA:764,0
DA:765,0
DA:766,0
DA:767,0
DA:768,0
DA:769,0
DA:770,0
DA:771,0
DA:772,0
DA:773,0
DA:774,0
DA:775,0
DA:776,0
DA:777,0
DA:778,0
DA:779,0
DA:780,0
DA:781,0
DA:782,0
DA:783,0
DA:784,0
DA:785,0
DA:786,0
DA:787,0
DA:788,0
DA:789,0
DA:790,0
DA:791,0
DA:792,0
DA:793,0
DA:794,0
DA:795,0
DA:796,0
DA:797,0
DA:798,0
DA:799,0
DA:800,0
DA:801,0
DA:802,0
DA:803,0
DA:804,0
DA:805,0
DA:806,0
DA:807,0
DA:808,0
DA:809,0
DA:810,0
DA:811,0
DA:812,0
DA:813,0
DA:814,0
DA:815,0
DA:816,0
DA:817,0
DA:818,0
DA:819,0
DA:820,0
DA:821,0
DA:1029,0
DA:1031,0
DA:1034,0
DA:1035,0
DA:1036,0
DA:1037,0
DA:1038,0
DA:1039,0
DA:1040,0
DA:1041,0
DA:1042,0
DA:1043,0
DA:1044,0
DA:1045,0
DA:1046,0
DA:1047,0
DA:1048,0
DA:1049,0
DA:1050,0
DA:1051,0
DA:1052,0
DA:1053,0
DA:1054,0
DA:1055,0
DA:1056,0
DA:1057,0
DA:1058,0
DA:1059,0
DA:1060,0
DA:1061,0
DA:1062,0
DA:1063,0
DA:1064,0
DA:1065,0
DA:1066,0
DA:1067,0
DA:1068,0
DA:1069,0
DA:1070,0
DA:1071,0
DA:1072,0
DA:1073,0
DA:1074,0
DA:1075,0
DA:1076,0
DA:1077,0
DA:1078,0
DA:1079,0
DA:1080,0
DA:1081,0
DA:1082,0
DA:1083,0
DA:1084,0
DA:1085,0
DA:1086,0
DA:1087,0
DA:1088,0
DA:1089,0
DA:1090,0
DA:1091,0
DA:1092,0
DA:1093,0
DA:1094,0
DA:1095,0
DA:1096,0
DA:1097,0
DA:1098,0
DA:1099,0
DA:1100,0
DA:1101,0
DA:1102,0
DA:1103,0
DA:1104,0
DA:1105,0
DA:1106,0
DA:1107,0
DA:1108,0
DA:1109,0
DA:1110,0
DA:1111,0
DA:1112,0
DA:1113,0
DA:1114,0
DA:1115,0
DA:1116,0
DA:1117,0
DA:1118,0
DA:1119,0
DA:1120,0
DA:1121,0
DA:1122,0
DA:1123,0
DA:1124,0
DA:1125,0
DA:1126,0
DA:1127,0
DA:1128,0
DA:1129,0
DA:1130,0
DA:1131,0
DA:1132,0
DA:1133,0
DA:1134,0
DA:1135,0
DA:1136,0
DA:1137,0
DA:1138,0
DA:1139,0
DA:1140,0
DA:1141,0
DA:1142,0
DA:1143,0
DA:1144,0
DA:1145,0
DA:1146,0
DA:1147,0
DA:1148,0
DA:1149,0
DA:1150,0
DA:1151,0
DA:1152,0
DA:1153,0
DA:1154,0
DA:1155,0
DA:1156,0
DA:1157,0
DA:1158,0
DA:1159,0
DA:1160,0
DA:1161,0
DA:1162,0
DA:1163,0
DA:1164,0
DA:1165,0
DA:1166,0
DA:1167,0
DA:1168,0
DA:1169,0
DA:1170,0
DA:1171,0
DA:1172,0
DA:1173,0
DA:1174,0
DA:1175,0
DA:1176,0
DA:1177,0
DA:1178,0
DA:1179,0
DA:1180,0
DA:1181,0
DA:1182,0
DA:1183,0
DA:1184,0
DA:1185,0
DA:1186,0
DA:1187,0
DA:1188,0
DA:1189,0
DA:1190,0
DA:1191,0
DA:1192,0
DA:1193,0
DA:1194,0
DA:1195,0
DA:1196,0
DA:1197,0
DA:1198,0
DA:1199,0
DA:1200,0
DA:1201,0
DA:1202,0
DA:1203,0
DA:1204,0
DA:1205,0
DA:1206,0
DA:1207,0
DA:1208,0
DA:1209,0
DA:1210,0
DA:1211,0
DA:1212,0
DA:1213,0
DA:1214,0
DA:1215,0
DA:1216,0
DA:1217,0
DA:1218,0
DA:1219,0
DA:1220,0
DA:1221,0
DA:1222,0
DA:1223,0
DA:1224,0
DA:1225,0
DA:1226,0
DA:1227,0
DA:1228,0
DA:1229,0
DA:1230,0
DA:1231,0
DA:1232,0
DA:1233,0
DA:1234,0
DA:1235,0
DA:1236,0
DA:1237,0
DA:1242,0
DA:1251,0
DA:1252,0
DA:1253,0
DA:1254,0
DA:1255,0
DA:1256,0
DA:1257,0
DA:1267,0
DA:1269,0
DA:1272,0
DA:1273,0
DA:1274,0
DA:1275,0
DA:1276,0
DA:1277,0
DA:1278,0
DA:1283,0
DA:1320,0
DA:1321,0
DA:1322,0
DA:1323,0
DA:1324,0
DA:1325,0
DA:1326,0
DA:1327,0
DA:1328,0
DA:1329,0
DA:1330,0
DA:1331,0
DA:1332,0
DA:1333,0
DA:1334,0
DA:1335,0
DA:1336,0
DA:1337,0
DA:1338,0
DA:1339,0
DA:1340,0
DA:1341,0
DA:1342,0
DA:1343,0
DA:1344,0
DA:1345,0
DA:1346,0
DA:1347,0
DA:1348,0
DA:1349,0
DA:1350,0
DA:1351,0
DA:1352,0
DA:1353,0
DA:1354,0
DA:1392,0
DA:1394,0
DA:1397,0
DA:1398,0
DA:1399,0
DA:1400,0
DA:1401,0
DA:1402,0
DA:1403,0
DA:1404,0
DA:1405,0
DA:1406,0
DA:1407,0
DA:1408,0
DA:1409,0
DA:1410,0
DA:1411,0
DA:1412,0
DA:1413,0
DA:1414,0
DA:1415,0
DA:1416,0
DA:1417,0
DA:1418,0
DA:1419,0
DA:1420,0
DA:1421,0
DA:1422,0
DA:1423,0
DA:1424,0
DA:1425,0
DA:1426,0
DA:1427,0
DA:1428,0
DA:1429,0
DA:1430,0
DA:1431,0
LF:680
LH:0
end_of_record
SF:lib\common\entities\detail\viewcall.dart
DA:4,0
DA:6,0
DA:8,0
DA:9,0
DA:14,0
DA:15,0
DA:16,0
DA:20,0
DA:24,0
DA:25,0
DA:30,0
DA:31,0
DA:33,0
DA:34,0
DA:35,0
DA:36,0
DA:37,0
DA:38,0
DA:39,0
DA:41,0
DA:43,0
DA:47,0
DA:54,0
DA:60,0
DA:61,0
DA:62,0
DA:63,0
DA:70,0
DA:72,0
DA:75,0
DA:76,0
DA:77,0
DA:78,0
LF:33
LH:0
end_of_record
SF:lib\common\entities\flow\wx_article.dart
DA:4,0
DA:6,0
DA:8,0
DA:9,0
DA:14,0
DA:15,0
DA:16,0
DA:20,0
DA:24,0
DA:25,0
DA:30,0
DA:31,0
DA:33,0
DA:34,0
DA:35,0
DA:36,0
DA:37,0
DA:38,0
DA:39,0
DA:41,0
DA:43,0
DA:47,0
DA:54,0
DA:60,0
DA:61,0
DA:62,0
DA:63,0
DA:64,0
DA:71,0
DA:73,0
DA:76,0
DA:77,0
DA:78,0
DA:79,0
DA:84,0
DA:91,0
DA:92,0
DA:94,0
DA:96,0
DA:97,0
DA:102,0
DA:103,0
DA:105,0
DA:106,0
DA:115,0
DA:117,0
DA:120,0
DA:121,0
DA:122,0
DA:123,0
DA:124,0
DA:129,0
DA:149,0
DA:150,0
DA:151,0
DA:152,0
DA:153,0
DA:154,0
DA:155,0
DA:156,0
DA:157,0
DA:158,0
DA:159,0
DA:160,0
DA:161,0
DA:162,0
DA:163,0
DA:164,0
DA:165,0
DA:166,0
DA:187,0
DA:189,0
DA:192,0
DA:193,0
DA:194,0
DA:195,0
DA:196,0
DA:197,0
DA:198,0
DA:199,0
DA:200,0
DA:201,0
DA:202,0
DA:203,0
DA:204,0
DA:205,0
DA:206,0
DA:207,0
DA:208,0
DA:209,0
LF:90
LH:0
end_of_record
SF:lib\common\entities\home\erp_user.dart
DA:4,0
DA:6,0
DA:8,0
DA:9,0
DA:14,0
DA:15,0
DA:16,0
DA:20,0
DA:24,0
DA:25,0
DA:30,0
DA:31,0
DA:33,0
DA:34,0
DA:35,0
DA:36,0
DA:37,0
DA:38,0
DA:39,0
DA:41,0
DA:43,0
DA:47,0
DA:49,0
DA:51,0
DA:53,0
DA:55,0
DA:62,0
DA:68,0
DA:69,0
DA:71,0
DA:73,0
DA:74,0
DA:79,0
DA:80,0
DA:82,0
DA:90,0
DA:92,0
DA:95,0
DA:96,0
DA:97,0
DA:98,0
DA:103,0
DA:135,0
DA:136,0
DA:137,0
DA:138,0
DA:139,0
DA:140,0
DA:141,0
DA:142,0
DA:143,0
DA:144,0
DA:145,0
DA:146,0
DA:147,0
DA:148,0
DA:149,0
DA:150,0
DA:151,0
DA:152,0
DA:153,0
DA:154,0
DA:155,0
DA:156,0
DA:157,0
DA:158,0
DA:159,0
DA:160,0
DA:161,0
DA:162,0
DA:163,0
DA:164,0
DA:197,0
DA:199,0
DA:202,0
DA:203,0
DA:204,0
DA:205,0
DA:206,0
DA:207,0
DA:208,0
DA:209,0
DA:210,0
DA:211,0
DA:212,0
DA:213,0
DA:214,0
DA:215,0
DA:216,0
DA:217,0
DA:218,0
DA:219,0
DA:220,0
DA:221,0
DA:222,0
DA:223,0
DA:224,0
DA:225,0
DA:226,0
DA:227,0
DA:228,0
DA:229,0
DA:230,0
DA:231,0
LF:104
LH:0
end_of_record
SF:lib\common\entities\home\tree_store.dart
DA:4,0
DA:6,0
DA:8,0
DA:9,0
DA:14,0
DA:15,0
DA:16,0
DA:20,0
DA:24,0
DA:25,0
DA:30,0
DA:31,0
DA:33,0
DA:34,0
DA:35,0
DA:36,0
DA:37,0
DA:38,0
DA:39,0
DA:41,0
DA:43,0
DA:47,0
DA:49,0
DA:51,0
DA:53,0
DA:55,0
DA:62,0
DA:68,0
DA:69,0
DA:71,0
DA:73,0
DA:74,0
DA:79,0
DA:80,0
DA:81,0
DA:90,0
DA:92,0
DA:95,0
DA:96,0
DA:97,0
DA:98,0
DA:103,0
DA:110,0
DA:111,0
DA:113,0
DA:115,0
DA:116,0
DA:121,0
DA:122,0
DA:123,0
DA:124,0
DA:134,0
DA:136,0
DA:139,0
DA:140,0
DA:141,0
DA:142,0
DA:143,0
DA:148,0
DA:154,0
DA:155,0
DA:156,0
DA:157,0
DA:164,0
DA:166,0
DA:169,0
DA:170,0
DA:171,0
DA:172,0
LF:69
LH:0
end_of_record
SF:lib\common\entities\im\group.dart
DA:4,0
DA:6,0
DA:8,0
DA:9,0
DA:14,0
DA:15,0
DA:16,0
DA:20,0
DA:24,0
DA:25,0
DA:30,0
DA:31,0
DA:33,0
DA:34,0
DA:35,0
DA:36,0
DA:37,0
DA:38,0
DA:39,0
DA:41,0
DA:43,0
DA:47,0
DA:49,0
DA:51,0
DA:53,0
DA:55,0
DA:62,0
DA:68,0
DA:69,0
DA:70,0
DA:71,0
DA:73,0
DA:75,0
DA:82,0
DA:84,0
DA:87,0
DA:88,0
DA:89,0
DA:90,0
DA:95,0
DA:105,0
DA:106,0
DA:107,0
DA:108,0
DA:109,0
DA:110,0
DA:112,0
DA:113,0
DA:123,0
DA:125,0
DA:128,0
DA:129,0
DA:130,0
DA:131,0
DA:132,0
DA:133,0
DA:134,0
DA:135,0
LF:58
LH:0
end_of_record
SF:lib\common\entities\loan\channel.dart
DA:4,0
DA:6,0
DA:8,0
DA:9,0
DA:14,0
DA:15,0
DA:16,0
DA:20,0
DA:24,0
DA:25,0
DA:30,0
DA:31,0
DA:33,0
DA:34,0
DA:35,0
DA:36,0
DA:37,0
DA:38,0
DA:39,0
DA:41,0
DA:43,0
DA:47,0
DA:49,0
DA:51,0
DA:53,0
DA:55,0
DA:62,0
DA:68,0
DA:69,0
DA:70,0
DA:71,0
DA:73,0
DA:75,0
DA:82,0
DA:84,0
DA:87,0
DA:88,0
DA:89,0
DA:90,0
DA:95,0
DA:102,0
DA:104,0
DA:106,0
DA:108,0
DA:109,0
DA:110,0
DA:115,0
DA:116,0
DA:117,0
DA:121,0
DA:122,0
DA:131,0
DA:133,0
DA:136,0
DA:137,0
DA:138,0
DA:139,0
DA:140,0
DA:145,0
DA:166,0
DA:167,0
DA:168,0
DA:169,0
DA:171,0
DA:172,0
DA:173,0
DA:174,0
DA:175,0
DA:176,0
DA:177,0
DA:179,0
DA:181,0
DA:182,0
DA:184,0
DA:185,0
DA:186,0
DA:187,0
DA:190,0
DA:191,0
DA:192,0
DA:194,0
DA:195,0
DA:198,0
DA:220,0
DA:222,0
DA:225,0
DA:226,0
DA:227,0
DA:228,0
DA:229,0
DA:230,0
DA:231,0
DA:232,0
DA:233,0
DA:234,0
DA:235,0
DA:236,0
DA:237,0
DA:238,0
DA:239,0
DA:240,0
DA:241,0
DA:242,0
DA:243,0
LF:104
LH:0
end_of_record
SF:lib\common\entities\loan\ckt_file.dart
DA:4,0
DA:6,0
DA:8,0
DA:9,0
DA:14,0
DA:15,0
DA:16,0
DA:20,0
DA:24,0
DA:25,0
DA:30,0
DA:31,0
DA:33,0
DA:34,0
DA:35,0
DA:36,0
DA:37,0
DA:38,0
DA:39,0
DA:41,0
DA:43,0
DA:47,0
DA:49,0
DA:51,0
DA:53,0
DA:55,0
DA:62,0
DA:68,0
DA:69,0
DA:70,0
DA:71,0
DA:73,0
DA:75,0
DA:82,0
DA:84,0
DA:87,0
DA:88,0
DA:89,0
DA:90,0
DA:95,0
DA:102,0
DA:103,0
DA:104,0
DA:106,0
DA:107,0
DA:109,0
DA:110,0
DA:113,0
DA:114,0
DA:122,0
DA:124,0
DA:127,0
DA:128,0
DA:129,0
DA:130,0
DA:131,0
DA:136,0
DA:143,0
DA:144,0
DA:145,0
DA:147,0
DA:148,0
DA:149,0
DA:157,0
DA:159,0
DA:162,0
DA:163,0
DA:164,0
DA:165,0
DA:166,0
LF:70
LH:0
end_of_record
SF:lib\common\entities\loan\lending.dart
DA:4,0
DA:6,0
DA:8,0
DA:9,0
DA:14,0
DA:15,0
DA:16,0
DA:20,0
DA:24,0
DA:25,0
DA:30,0
DA:31,0
DA:33,0
DA:34,0
DA:35,0
DA:36,0
DA:37,0
DA:38,0
DA:39,0
DA:41,0
DA:43,0
DA:47,0
DA:49,0
DA:51,0
DA:53,0
DA:55,0
DA:62,0
DA:68,0
DA:69,0
DA:70,0
DA:71,0
DA:73,0
DA:75,0
DA:82,0
DA:84,0
DA:87,0
DA:88,0
DA:89,0
DA:90,0
DA:95,0
DA:102,0
DA:103,0
DA:104,0
DA:106,0
DA:108,0
DA:109,0
DA:117,0
DA:119,0
DA:122,0
DA:123,0
DA:124,0
DA:125,0
DA:126,0
LF:53
LH:0
end_of_record
SF:lib\common\entities\loan\loan_detail.dart
DA:4,0
DA:6,0
DA:8,0
DA:9,0
DA:14,0
DA:15,0
DA:16,0
DA:20,0
DA:24,0
DA:25,0
DA:30,0
DA:31,0
DA:33,0
DA:34,0
DA:35,0
DA:36,0
DA:37,0
DA:38,0
DA:39,0
DA:41,0
DA:43,0
DA:47,0
DA:49,0
DA:51,0
DA:53,0
DA:55,0
DA:62,0
DA:68,0
DA:69,0
DA:70,0
DA:71,0
DA:73,0
DA:75,0
DA:82,0
DA:84,0
DA:87,0
DA:88,0
DA:89,0
DA:90,0
DA:95,0
DA:100,0
DA:101,0
DA:103,0
DA:105,0
DA:106,0
DA:111,0
DA:113,0
DA:120,0
DA:122,0
DA:125,0
DA:126,0
DA:127,0
DA:132,0
DA:146,0
DA:147,0
DA:149,0
DA:151,0
DA:152,0
DA:157,0
DA:158,0
DA:159,0
DA:161,0
DA:162,0
DA:163,0
DA:164,0
DA:167,0
DA:168,0
DA:169,0
DA:171,0
DA:172,0
DA:173,0
DA:175,0
DA:192,0
DA:194,0
DA:197,0
DA:198,0
DA:199,0
DA:200,0
DA:201,0
DA:202,0
DA:203,0
DA:204,0
DA:205,0
DA:206,0
DA:207,0
DA:208,0
DA:213,0
DA:219,0
DA:220,0
DA:221,0
DA:223,0
DA:225,0
DA:232,0
DA:234,0
DA:237,0
DA:238,0
DA:239,0
DA:240,0
LF:98
LH:0
end_of_record
SF:lib\common\entities\loan\quota_list.dart
DA:4,0
DA:6,0
DA:8,0
DA:9,0
DA:14,0
DA:15,0
DA:16,0
DA:20,0
DA:24,0
DA:25,0
DA:30,0
DA:31,0
DA:33,0
DA:34,0
DA:35,0
DA:36,0
DA:37,0
DA:38,0
DA:39,0
DA:41,0
DA:43,0
DA:47,0
DA:49,0
DA:51,0
DA:53,0
DA:55,0
DA:62,0
DA:68,0
DA:69,0
DA:70,0
DA:71,0
DA:73,0
DA:74,0
DA:76,0
DA:83,0
DA:85,0
DA:88,0
DA:89,0
DA:90,0
DA:91,0
DA:96,0
DA:103,0
DA:105,0
DA:107,0
DA:109,0
DA:110,0
DA:111,0
DA:116,0
DA:117,0
DA:118,0
DA:122,0
DA:123,0
DA:132,0
DA:134,0
DA:137,0
DA:138,0
DA:139,0
DA:140,0
DA:141,0
DA:146,0
DA:155,0
DA:156,0
DA:157,0
DA:158,0
DA:159,0
DA:160,0
DA:161,0
DA:163,0
DA:173,0
DA:175,0
DA:178,0
DA:179,0
DA:180,0
DA:181,0
DA:182,0
DA:183,0
DA:184,0
LF:77
LH:0
end_of_record
SF:lib\common\entities\loan\saleman.dart
DA:4,0
DA:6,0
DA:8,0
DA:9,0
DA:14,0
DA:15,0
DA:16,0
DA:20,0
DA:24,0
DA:25,0
DA:30,0
DA:31,0
DA:33,0
DA:34,0
DA:35,0
DA:36,0
DA:37,0
DA:38,0
DA:39,0
DA:41,0
DA:43,0
DA:47,0
DA:49,0
DA:51,0
DA:53,0
DA:55,0
DA:62,0
DA:68,0
DA:69,0
DA:70,0
DA:71,0
DA:73,0
DA:75,0
DA:82,0
DA:84,0
DA:87,0
DA:88,0
DA:89,0
DA:90,0
DA:95,0
DA:102,0
DA:104,0
DA:106,0
DA:108,0
DA:109,0
DA:110,0
DA:115,0
DA:116,0
DA:117,0
DA:121,0
DA:122,0
DA:131,0
DA:133,0
DA:136,0
DA:137,0
DA:138,0
DA:139,0
DA:140,0
DA:145,0
DA:201,0
DA:202,0
DA:204,0
DA:205,0
DA:206,0
DA:208,0
DA:210,0
DA:211,0
DA:213,0
DA:214,0
DA:217,0
DA:219,0
DA:221,0
DA:223,0
DA:224,0
DA:225,0
DA:227,0
DA:228,0
DA:230,0
DA:231,0
DA:234,0
DA:236,0
DA:237,0
DA:238,0
DA:240,0
DA:241,0
DA:243,0
DA:244,0
DA:246,0
DA:247,0
DA:250,0
DA:252,0
DA:253,0
DA:254,0
DA:255,0
DA:257,0
DA:258,0
DA:261,0
DA:262,0
DA:263,0
DA:265,0
DA:266,0
DA:268,0
DA:269,0
DA:271,0
DA:272,0
DA:273,0
DA:274,0
DA:275,0
DA:276,0
DA:278,0
DA:279,0
DA:280,0
DA:283,0
DA:284,0
DA:285,0
DA:288,0
DA:289,0
DA:290,0
DA:293,0
DA:294,0
DA:295,0
DA:297,0
DA:298,0
DA:300,0
DA:301,0
DA:304,0
DA:305,0
DA:306,0
DA:308,0
DA:309,0
DA:311,0
DA:312,0
DA:313,0
DA:315,0
DA:316,0
DA:317,0
DA:319,0
DA:320,0
DA:322,0
DA:323,0
DA:325,0
DA:326,0
DA:384,0
DA:386,0
DA:389,0
DA:390,0
DA:391,0
DA:392,0
DA:393,0
DA:394,0
DA:395,0
DA:396,0
DA:397,0
DA:398,0
DA:399,0
DA:400,0
DA:401,0
DA:402,0
DA:403,0
DA:404,0
DA:405,0
DA:406,0
DA:407,0
DA:408,0
DA:409,0
DA:410,0
DA:411,0
DA:412,0
DA:413,0
DA:414,0
DA:415,0
DA:416,0
DA:417,0
DA:418,0
DA:419,0
DA:420,0
DA:421,0
DA:422,0
DA:423,0
DA:424,0
DA:425,0
DA:426,0
DA:427,0
DA:428,0
DA:429,0
DA:430,0
DA:431,0
DA:432,0
DA:433,0
DA:434,0
DA:435,0
DA:436,0
DA:437,0
DA:438,0
DA:439,0
DA:440,0
DA:441,0
DA:442,0
DA:447,0
DA:468,0
DA:469,0
DA:470,0
DA:472,0
DA:473,0
DA:474,0
DA:475,0
DA:476,0
DA:477,0
DA:478,0
DA:480,0
DA:482,0
DA:483,0
DA:485,0
DA:486,0
DA:487,0
DA:488,0
DA:491,0
DA:492,0
DA:493,0
DA:495,0
DA:496,0
DA:499,0
DA:521,0
DA:523,0
DA:526,0
DA:527,0
DA:528,0
DA:529,0
DA:530,0
DA:531,0
DA:532,0
DA:533,0
DA:534,0
DA:535,0
DA:536,0
DA:537,0
DA:538,0
DA:539,0
DA:540,0
DA:541,0
DA:542,0
DA:543,0
DA:544,0
LF:243
LH:0
end_of_record
SF:lib\common\entities\loan\saleman_detail.dart
DA:4,0
DA:6,0
DA:8,0
DA:9,0
DA:14,0
DA:15,0
DA:16,0
DA:20,0
DA:24,0
DA:25,0
DA:30,0
DA:31,0
DA:33,0
DA:34,0
DA:35,0
DA:36,0
DA:37,0
DA:38,0
DA:39,0
DA:41,0
DA:43,0
DA:47,0
DA:49,0
DA:51,0
DA:53,0
DA:55,0
DA:62,0
DA:68,0
DA:69,0
DA:70,0
DA:71,0
DA:73,0
DA:74,0
DA:76,0
DA:83,0
DA:85,0
DA:88,0
DA:89,0
DA:90,0
DA:91,0
DA:96,0
DA:103,0
DA:104,0
DA:105,0
DA:106,0
DA:108,0
DA:109,0
DA:111,0
DA:112,0
DA:115,0
DA:116,0
DA:124,0
DA:126,0
DA:129,0
DA:130,0
DA:131,0
DA:132,0
DA:133,0
DA:139,0
DA:196,0
DA:198,0
DA:200,0
DA:202,0
DA:204,0
DA:209,0
DA:210,0
DA:211,0
DA:212,0
DA:214,0
DA:216,0
DA:217,0
DA:219,0
DA:220,0
DA:223,0
DA:224,0
DA:225,0
DA:227,0
DA:229,0
DA:231,0
DA:232,0
DA:233,0
DA:235,0
DA:236,0
DA:239,0
DA:240,0
DA:241,0
DA:242,0
DA:245,0
DA:247,0
DA:249,0
DA:250,0
DA:251,0
DA:252,0
DA:254,0
DA:255,0
DA:256,0
DA:258,0
DA:259,0
DA:262,0
DA:263,0
DA:264,0
DA:266,0
DA:267,0
DA:269,0
DA:270,0
DA:272,0
DA:273,0
DA:274,0
DA:275,0
DA:276,0
DA:277,0
DA:278,0
DA:279,0
DA:281,0
DA:283,0
DA:284,0
DA:285,0
DA:288,0
DA:289,0
DA:290,0
DA:293,0
DA:295,0
DA:296,0
DA:298,0
DA:299,0
DA:302,0
DA:303,0
DA:304,0
DA:306,0
DA:307,0
DA:309,0
DA:311,0
DA:312,0
DA:313,0
DA:314,0
DA:316,0
DA:317,0
DA:320,0
DA:321,0
DA:322,0
DA:381,0
DA:383,0
DA:386,0
DA:387,0
DA:388,0
DA:389,0
DA:390,0
DA:391,0
DA:392,0
DA:393,0
DA:394,0
DA:395,0
DA:396,0
DA:397,0
DA:398,0
DA:399,0
DA:400,0
DA:401,0
DA:402,0
DA:403,0
DA:404,0
DA:405,0
DA:406,0
DA:407,0
DA:408,0
DA:409,0
DA:410,0
DA:411,0
DA:412,0
DA:413,0
DA:414,0
DA:415,0
DA:416,0
DA:417,0
DA:418,0
DA:419,0
DA:420,0
DA:421,0
DA:422,0
DA:423,0
DA:424,0
DA:425,0
DA:426,0
DA:427,0
DA:428,0
DA:429,0
DA:430,0
DA:431,0
DA:432,0
DA:433,0
DA:434,0
DA:435,0
DA:436,0
DA:437,0
DA:438,0
DA:439,0
DA:440,0
DA:445,0
DA:466,0
DA:467,0
DA:468,0
DA:470,0
DA:471,0
DA:472,0
DA:473,0
DA:474,0
DA:475,0
DA:476,0
DA:479,0
DA:480,0
DA:481,0
DA:483,0
DA:485,0
DA:486,0
DA:487,0
DA:488,0
DA:491,0
DA:492,0
DA:493,0
DA:495,0
DA:496,0
DA:499,0
DA:521,0
DA:523,0
DA:526,0
DA:527,0
DA:528,0
DA:529,0
DA:530,0
DA:531,0
DA:532,0
DA:533,0
DA:534,0
DA:535,0
DA:536,0
DA:537,0
DA:538,0
DA:539,0
DA:540,0
DA:541,0
DA:542,0
DA:543,0
DA:544,0
DA:549,0
DA:571,0
DA:572,0
DA:573,0
DA:574,0
DA:576,0
DA:578,0
DA:579,0
DA:580,0
DA:583,0
DA:585,0
DA:586,0
DA:587,0
DA:590,0
DA:592,0
DA:593,0
DA:594,0
DA:596,0
DA:597,0
DA:599,0
DA:600,0
DA:602,0
DA:603,0
DA:605,0
DA:606,0
DA:607,0
DA:609,0
DA:611,0
DA:612,0
DA:614,0
DA:615,0
DA:638,0
DA:640,0
DA:643,0
DA:644,0
DA:645,0
DA:646,0
DA:647,0
DA:648,0
DA:649,0
DA:650,0
DA:651,0
DA:652,0
DA:653,0
DA:654,0
DA:655,0
DA:656,0
DA:657,0
DA:658,0
DA:659,0
DA:660,0
DA:661,0
DA:662,0
DA:667,0
DA:681,0
DA:683,0
DA:684,0
DA:685,0
DA:687,0
DA:688,0
DA:691,0
DA:692,0
DA:693,0
DA:695,0
DA:696,0
DA:697,0
DA:700,0
DA:701,0
DA:702,0
DA:704,0
DA:705,0
DA:707,0
DA:708,0
DA:724,0
DA:726,0
DA:729,0
DA:730,0
DA:731,0
DA:732,0
DA:733,0
DA:734,0
DA:735,0
DA:736,0
DA:737,0
DA:738,0
DA:739,0
DA:740,0
LF:330
LH:0
end_of_record
SF:lib\common\entities\loan\saleman_grid.dart
DA:4,0
DA:6,0
DA:8,0
DA:9,0
DA:14,0
DA:15,0
DA:16,0
DA:20,0
DA:24,0
DA:25,0
DA:30,0
DA:31,0
DA:33,0
DA:34,0
DA:35,0
DA:36,0
DA:37,0
DA:38,0
DA:39,0
DA:41,0
DA:43,0
DA:47,0
DA:49,0
DA:51,0
DA:53,0
DA:55,0
DA:62,0
DA:68,0
DA:69,0
DA:70,0
DA:71,0
DA:73,0
DA:74,0
DA:76,0
DA:83,0
DA:85,0
DA:88,0
DA:89,0
DA:90,0
DA:91,0
DA:96,0
DA:103,0
DA:104,0
DA:105,0
DA:106,0
DA:108,0
DA:109,0
DA:111,0
DA:112,0
DA:115,0
DA:116,0
DA:124,0
DA:126,0
DA:129,0
DA:130,0
DA:131,0
DA:132,0
DA:133,0
DA:138,0
DA:144,0
DA:145,0
DA:146,0
DA:147,0
DA:149,0
DA:150,0
DA:152,0
DA:153,0
DA:161,0
DA:163,0
DA:166,0
DA:167,0
DA:168,0
DA:169,0
LF:73
LH:0
end_of_record
SF:lib\common\entities\loan\super_director.dart
DA:4,0
DA:6,0
DA:8,0
DA:9,0
DA:14,0
DA:15,0
DA:16,0
DA:20,0
DA:24,0
DA:25,0
DA:30,0
DA:31,0
DA:33,0
DA:34,0
DA:35,0
DA:36,0
DA:37,0
DA:38,0
DA:39,0
DA:41,0
DA:43,0
DA:47,0
DA:49,0
DA:51,0
DA:53,0
DA:55,0
DA:62,0
DA:68,0
DA:69,0
DA:70,0
DA:71,0
DA:73,0
DA:74,0
DA:76,0
DA:83,0
DA:85,0
DA:88,0
DA:89,0
DA:90,0
DA:91,0
DA:96,0
DA:103,0
DA:105,0
DA:107,0
DA:109,0
DA:110,0
DA:111,0
DA:116,0
DA:117,0
DA:118,0
DA:122,0
DA:123,0
DA:132,0
DA:134,0
DA:137,0
DA:138,0
DA:139,0
DA:140,0
DA:141,0
DA:146,0
DA:177,0
DA:178,0
DA:180,0
DA:182,0
DA:183,0
DA:188,0
DA:190,0
DA:191,0
DA:193,0
DA:194,0
DA:195,0
DA:197,0
DA:198,0
DA:200,0
DA:202,0
DA:204,0
DA:206,0
DA:208,0
DA:209,0
DA:211,0
DA:213,0
DA:214,0
DA:215,0
DA:216,0
DA:217,0
DA:218,0
DA:220,0
DA:221,0
DA:222,0
DA:224,0
DA:225,0
DA:227,0
DA:229,0
DA:230,0
DA:231,0
DA:233,0
DA:234,0
DA:236,0
DA:269,0
DA:271,0
DA:274,0
DA:275,0
DA:276,0
DA:277,0
DA:278,0
DA:279,0
DA:280,0
DA:281,0
DA:282,0
DA:283,0
DA:284,0
DA:285,0
DA:286,0
DA:287,0
DA:288,0
DA:289,0
DA:290,0
DA:291,0
DA:292,0
DA:293,0
DA:294,0
DA:295,0
DA:296,0
DA:297,0
DA:298,0
DA:299,0
DA:300,0
DA:301,0
DA:302,0
LF:129
LH:0
end_of_record
SF:lib\common\entities\loan\user_status.dart
DA:4,0
DA:6,0
DA:8,0
DA:9,0
DA:14,0
DA:15,0
DA:16,0
DA:20,0
DA:24,0
DA:25,0
DA:30,0
DA:31,0
DA:33,0
DA:34,0
DA:35,0
DA:36,0
DA:37,0
DA:38,0
DA:39,0
DA:41,0
DA:43,0
DA:47,0
DA:49,0
DA:51,0
DA:53,0
DA:55,0
DA:62,0
DA:68,0
DA:69,0
DA:70,0
DA:71,0
DA:73,0
DA:74,0
DA:76,0
DA:83,0
DA:85,0
DA:88,0
DA:89,0
DA:90,0
DA:91,0
DA:96,0
DA:101,0
DA:102,0
DA:103,0
DA:106,0
DA:112,0
DA:114,0
DA:117,0
DA:118,0
DA:119,0
LF:50
LH:0
end_of_record
SF:lib\common\entities\login\login_model.dart
DA:4,0
DA:6,0
DA:8,0
DA:9,0
DA:14,0
DA:15,0
DA:16,0
DA:20,0
DA:24,0
DA:25,0
DA:30,0
DA:31,0
DA:33,0
DA:34,0
DA:35,0
DA:36,0
DA:37,0
DA:38,0
DA:39,0
DA:41,0
DA:43,0
DA:47,0
DA:49,0
DA:51,0
DA:53,0
DA:55,0
DA:62,0
DA:68,0
DA:69,0
DA:70,0
DA:71,0
DA:73,0
DA:75,0
DA:82,0
DA:84,0
DA:87,0
DA:88,0
DA:89,0
DA:90,0
DA:95,0
DA:101,0
DA:102,0
DA:103,0
DA:105,0
DA:107,0
DA:108,0
DA:110,0
DA:113,0
DA:120,0
DA:122,0
DA:125,0
DA:126,0
DA:127,0
DA:128,0
DA:133,0
DA:138,0
DA:139,0
DA:140,0
DA:142,0
DA:143,0
DA:150,0
DA:152,0
DA:155,0
DA:156,0
DA:157,0
DA:162,0
DA:178,0
DA:179,0
DA:180,0
DA:182,0
DA:183,0
DA:186,0
DA:187,0
DA:188,0
DA:189,0
DA:190,0
DA:191,0
DA:192,0
DA:193,0
DA:195,0
DA:196,0
DA:198,0
DA:199,0
DA:200,0
DA:216,0
DA:218,0
DA:221,0
DA:222,0
DA:223,0
DA:224,0
DA:225,0
DA:226,0
DA:227,0
DA:228,0
DA:229,0
DA:230,0
DA:231,0
DA:232,0
DA:233,0
DA:234,0
LF:100
LH:0
end_of_record
SF:lib\common\entities\app_version.dart
DA:4,0
DA:6,0
DA:8,0
DA:9,0
DA:14,0
DA:15,0
DA:16,0
DA:20,0
DA:24,0
DA:25,0
DA:30,0
DA:31,0
DA:33,0
DA:34,0
DA:35,0
DA:36,0
DA:37,0
DA:38,0
DA:39,0
DA:41,0
DA:43,0
DA:47,0
DA:49,0
DA:51,0
DA:53,0
DA:55,0
DA:62,0
DA:68,0
DA:69,0
DA:70,0
DA:71,0
DA:73,0
DA:75,0
DA:82,0
DA:84,0
DA:87,0
DA:88,0
DA:89,0
DA:90,0
DA:95,0
DA:112,0
DA:113,0
DA:114,0
DA:115,0
DA:116,0
DA:118,0
DA:119,0
DA:121,0
DA:122,0
DA:123,0
DA:125,0
DA:126,0
DA:128,0
DA:129,0
DA:131,0
DA:132,0
DA:134,0
DA:135,0
DA:137,0
DA:138,0
DA:141,0
DA:143,0
DA:144,0
DA:162,0
DA:164,0
DA:167,0
DA:168,0
DA:169,0
DA:170,0
DA:171,0
DA:172,0
DA:173,0
DA:174,0
DA:175,0
DA:176,0
DA:177,0
DA:178,0
DA:179,0
DA:180,0
DA:181,0
LF:80
LH:0
end_of_record
SF:lib\common\entities\detail\action.dart
DA:4,0
DA:6,0
DA:8,0
DA:9,0
DA:14,0
DA:15,0
DA:16,0
DA:20,0
DA:24,0
DA:25,0
DA:30,0
DA:31,0
DA:33,0
DA:34,0
DA:35,0
DA:36,0
DA:37,0
DA:38,0
DA:39,0
DA:41,0
DA:43,0
DA:47,0
DA:49,0
DA:51,0
DA:53,0
DA:55,0
DA:62,0
DA:68,0
DA:69,0
DA:70,0
DA:71,0
DA:72,0
DA:79,0
DA:81,0
DA:84,0
DA:85,0
DA:86,0
DA:87,0
DA:92,0
DA:107,0
DA:108,0
DA:110,0
DA:112,0
DA:113,0
DA:118,0
DA:119,0
DA:121,0
DA:122,0
DA:123,0
DA:124,0
DA:125,0
DA:126,0
DA:127,0
DA:128,0
DA:129,0
DA:130,0
DA:147,0
DA:149,0
DA:152,0
DA:153,0
DA:154,0
DA:155,0
DA:156,0
DA:157,0
DA:158,0
DA:159,0
DA:160,0
DA:161,0
DA:162,0
DA:163,0
DA:164,0
DA:169,0
DA:177,0
DA:178,0
DA:179,0
DA:180,0
DA:181,0
DA:182,0
DA:191,0
DA:193,0
DA:196,0
DA:197,0
DA:198,0
DA:199,0
DA:200,0
DA:201,0
LF:86
LH:0
end_of_record
SF:lib\common\entities\detail\appoint.dart
DA:4,0
DA:6,0
DA:8,0
DA:9,0
DA:14,0
DA:15,0
DA:16,0
DA:20,0
DA:24,0
DA:25,0
DA:30,0
DA:31,0
DA:33,0
DA:34,0
DA:35,0
DA:36,0
DA:37,0
DA:38,0
DA:39,0
DA:41,0
DA:43,0
DA:47,0
DA:49,0
DA:51,0
DA:53,0
DA:55,0
DA:62,0
DA:68,0
DA:69,0
DA:70,0
DA:71,0
DA:72,0
DA:79,0
DA:81,0
DA:84,0
DA:85,0
DA:86,0
DA:87,0
DA:92,0
DA:107,0
DA:108,0
DA:110,0
DA:112,0
DA:113,0
DA:118,0
DA:119,0
DA:121,0
DA:122,0
DA:123,0
DA:124,0
DA:125,0
DA:126,0
DA:127,0
DA:128,0
DA:129,0
DA:130,0
DA:147,0
DA:149,0
DA:152,0
DA:153,0
DA:154,0
DA:155,0
DA:156,0
DA:157,0
DA:158,0
DA:159,0
DA:160,0
DA:161,0
DA:162,0
DA:163,0
DA:164,0
DA:169,0
DA:189,0
DA:190,0
DA:191,0
DA:192,0
DA:193,0
DA:194,0
DA:195,0
DA:196,0
DA:197,0
DA:198,0
DA:199,0
DA:200,0
DA:201,0
DA:202,0
DA:203,0
DA:204,0
DA:205,0
DA:206,0
DA:227,0
DA:229,0
DA:232,0
DA:233,0
DA:234,0
DA:235,0
DA:236,0
DA:237,0
DA:238,0
DA:239,0
DA:240,0
DA:241,0
DA:242,0
DA:243,0
DA:244,0
DA:245,0
DA:246,0
DA:247,0
DA:248,0
DA:249,0
LF:110
LH:0
end_of_record
SF:lib\common\entities\home\common.dart
DA:8,0
DA:17,0
DA:31,0
DA:50,0
DA:59,0
DA:68,0
DA:76,0
LF:7
LH:0
end_of_record
SF:lib\common\entities\home\only_store.dart
DA:4,0
DA:6,0
DA:8,0
DA:9,0
DA:14,0
DA:15,0
DA:16,0
DA:20,0
DA:24,0
DA:25,0
DA:30,0
DA:31,0
DA:33,0
DA:34,0
DA:35,0
DA:36,0
DA:37,0
DA:38,0
DA:39,0
DA:41,0
DA:43,0
DA:47,0
DA:49,0
DA:51,0
DA:53,0
DA:55,0
DA:62,0
DA:68,0
DA:69,0
DA:71,0
DA:73,0
DA:74,0
DA:79,0
DA:80,0
DA:81,0
DA:90,0
DA:92,0
DA:95,0
DA:96,0
DA:97,0
DA:98,0
DA:103,0
DA:108,0
DA:109,0
DA:110,0
DA:116,0
DA:118,0
DA:121,0
DA:122,0
DA:123,0
LF:50
LH:0
end_of_record
SF:lib\common\entities\home\search_erp.dart
DA:4,0
DA:6,0
DA:8,0
DA:9,0
DA:14,0
DA:15,0
DA:16,0
DA:20,0
DA:24,0
DA:25,0
DA:30,0
DA:31,0
DA:33,0
DA:34,0
DA:35,0
DA:36,0
DA:37,0
DA:38,0
DA:39,0
DA:41,0
DA:43,0
DA:47,0
DA:49,0
DA:51,0
DA:53,0
DA:55,0
DA:62,0
DA:68,0
DA:69,0
DA:70,0
DA:71,0
DA:78,0
DA:80,0
DA:83,0
DA:84,0
DA:85,0
DA:86,0
DA:89,0
DA:90,0
DA:91,0
DA:92,0
DA:93,0
DA:99,0
DA:106,0
DA:107,0
DA:109,0
DA:111,0
DA:112,0
DA:117,0
DA:118,0
DA:119,0
DA:120,0
DA:121,0
DA:130,0
DA:132,0
DA:135,0
DA:136,0
DA:137,0
DA:138,0
DA:139,0
DA:142,0
DA:143,0
DA:144,0
DA:145,0
DA:146,0
DA:147,0
DA:153,0
DA:206,0
DA:207,0
DA:208,0
DA:209,0
DA:210,0
DA:211,0
DA:212,0
DA:213,0
DA:214,0
DA:215,0
DA:216,0
DA:217,0
DA:218,0
DA:219,0
DA:220,0
DA:221,0
DA:222,0
DA:223,0
DA:224,0
DA:225,0
DA:226,0
DA:227,0
DA:228,0
DA:229,0
DA:230,0
DA:231,0
DA:232,0
DA:233,0
DA:234,0
DA:235,0
DA:236,0
DA:237,0
DA:238,0
DA:239,0
DA:240,0
DA:241,0
DA:242,0
DA:243,0
DA:244,0
DA:245,0
DA:246,0
DA:247,0
DA:248,0
DA:249,0
DA:250,0
DA:251,0
DA:252,0
DA:253,0
DA:254,0
DA:255,0
DA:256,0
DA:310,0
DA:312,0
DA:315,0
DA:316,0
DA:317,0
DA:318,0
DA:319,0
DA:320,0
DA:321,0
DA:322,0
DA:323,0
DA:324,0
DA:325,0
DA:326,0
DA:327,0
DA:328,0
DA:329,0
DA:330,0
DA:331,0
DA:332,0
DA:333,0
DA:334,0
DA:335,0
DA:336,0
DA:337,0
DA:338,0
DA:339,0
DA:340,0
DA:341,0
DA:342,0
DA:343,0
DA:344,0
DA:345,0
DA:346,0
DA:347,0
DA:348,0
DA:349,0
DA:350,0
DA:351,0
DA:352,0
DA:353,0
DA:354,0
DA:355,0
DA:356,0
DA:357,0
DA:358,0
DA:359,0
DA:360,0
DA:361,0
DA:362,0
DA:363,0
DA:364,0
DA:365,0
DA:368,0
DA:369,0
DA:370,0
DA:371,0
DA:372,0
DA:373,0
DA:374,0
DA:375,0
DA:376,0
DA:377,0
DA:378,0
DA:379,0
DA:380,0
DA:381,0
DA:382,0
DA:383,0
DA:384,0
DA:385,0
DA:386,0
DA:387,0
DA:388,0
DA:389,0
DA:390,0
DA:391,0
DA:392,0
DA:393,0
DA:394,0
DA:395,0
DA:396,0
DA:397,0
DA:398,0
DA:399,0
DA:400,0
DA:401,0
DA:402,0
DA:403,0
DA:404,0
DA:405,0
DA:406,0
DA:407,0
DA:408,0
DA:409,0
DA:410,0
DA:411,0
DA:412,0
DA:413,0
DA:414,0
DA:415,0
DA:416,0
DA:417,0
DA:418,0
DA:419,0
LF:223
LH:0
end_of_record
SF:lib\common\entities\loan\audit.dart
DA:4,0
DA:6,0
DA:8,0
DA:9,0
DA:14,0
DA:15,0
DA:16,0
DA:20,0
DA:24,0
DA:25,0
DA:30,0
DA:31,0
DA:33,0
DA:34,0
DA:35,0
DA:36,0
DA:37,0
DA:38,0
DA:39,0
DA:41,0
DA:43,0
DA:47,0
DA:49,0
DA:51,0
DA:53,0
DA:55,0
DA:62,0
DA:68,0
DA:69,0
DA:70,0
DA:71,0
DA:73,0
DA:75,0
DA:82,0
DA:84,0
DA:87,0
DA:88,0
DA:89,0
DA:90,0
DA:95,0
DA:102,0
DA:104,0
DA:106,0
DA:108,0
DA:109,0
DA:114,0
DA:115,0
DA:116,0
DA:120,0
DA:121,0
DA:130,0
DA:132,0
DA:135,0
DA:136,0
DA:137,0
DA:138,0
DA:139,0
DA:144,0
DA:200,0
DA:202,0
DA:203,0
DA:204,0
DA:206,0
DA:208,0
DA:209,0
DA:211,0
DA:212,0
DA:215,0
DA:217,0
DA:219,0
DA:221,0
DA:222,0
DA:223,0
DA:225,0
DA:226,0
DA:228,0
DA:229,0
DA:232,0
DA:234,0
DA:235,0
DA:236,0
DA:238,0
DA:239,0
DA:241,0
DA:242,0
DA:244,0
DA:245,0
DA:248,0
DA:250,0
DA:251,0
DA:252,0
DA:253,0
DA:255,0
DA:256,0
DA:259,0
DA:260,0
DA:261,0
DA:263,0
DA:264,0
DA:266,0
DA:267,0
DA:269,0
DA:270,0
DA:271,0
DA:272,0
DA:273,0
DA:274,0
DA:276,0
DA:277,0
DA:278,0
DA:281,0
DA:282,0
DA:283,0
DA:286,0
DA:287,0
DA:288,0
DA:291,0
DA:292,0
DA:293,0
DA:295,0
DA:296,0
DA:298,0
DA:299,0
DA:302,0
DA:303,0
DA:304,0
DA:306,0
DA:307,0
DA:309,0
DA:310,0
DA:311,0
DA:313,0
DA:314,0
DA:315,0
DA:317,0
DA:318,0
DA:320,0
DA:321,0
DA:323,0
DA:324,0
DA:382,0
DA:384,0
DA:387,0
DA:388,0
DA:389,0
DA:390,0
DA:391,0
DA:392,0
DA:393,0
DA:394,0
DA:395,0
DA:396,0
DA:397,0
DA:398,0
DA:399,0
DA:400,0
DA:401,0
DA:402,0
DA:403,0
DA:404,0
DA:405,0
DA:406,0
DA:407,0
DA:408,0
DA:409,0
DA:410,0
DA:411,0
DA:412,0
DA:413,0
DA:414,0
DA:415,0
DA:416,0
DA:417,0
DA:418,0
DA:419,0
DA:420,0
DA:421,0
DA:422,0
DA:423,0
DA:424,0
DA:425,0
DA:426,0
DA:427,0
DA:428,0
DA:429,0
DA:430,0
DA:431,0
DA:432,0
DA:433,0
DA:434,0
DA:435,0
DA:436,0
DA:437,0
DA:438,0
DA:439,0
DA:440,0
DA:445,0
DA:466,0
DA:467,0
DA:468,0
DA:470,0
DA:471,0
DA:472,0
DA:473,0
DA:474,0
DA:475,0
DA:476,0
DA:479,0
DA:481,0
DA:482,0
DA:484,0
DA:485,0
DA:486,0
DA:487,0
DA:490,0
DA:491,0
DA:492,0
DA:494,0
DA:495,0
DA:498,0
DA:520,0
DA:522,0
DA:525,0
DA:526,0
DA:527,0
DA:528,0
DA:529,0
DA:530,0
DA:531,0
DA:532,0
DA:533,0
DA:534,0
DA:535,0
DA:536,0
DA:537,0
DA:538,0
DA:539,0
DA:540,0
DA:541,0
DA:542,0
DA:543,0
LF:241
LH:0
end_of_record
SF:lib\common\entities\loan\friend.dart
DA:4,0
DA:6,0
DA:8,0
DA:9,0
DA:14,0
DA:15,0
DA:16,0
DA:20,0
DA:24,0
DA:25,0
DA:30,0
DA:31,0
DA:33,0
DA:34,0
DA:35,0
DA:36,0
DA:37,0
DA:38,0
DA:39,0
DA:41,0
DA:43,0
DA:47,0
DA:49,0
DA:51,0
DA:53,0
DA:55,0
DA:62,0
DA:68,0
DA:69,0
DA:70,0
DA:71,0
DA:73,0
DA:75,0
DA:82,0
DA:84,0
DA:87,0
DA:88,0
DA:89,0
DA:90,0
DA:95,0
DA:102,0
DA:104,0
DA:106,0
DA:108,0
DA:109,0
DA:114,0
DA:115,0
DA:116,0
DA:120,0
DA:121,0
DA:130,0
DA:132,0
DA:135,0
DA:136,0
DA:137,0
DA:138,0
DA:139,0
DA:144,0
DA:166,0
DA:167,0
DA:168,0
DA:169,0
DA:170,0
DA:172,0
DA:173,0
DA:175,0
DA:176,0
DA:178,0
DA:179,0
DA:180,0
DA:182,0
DA:183,0
DA:185,0
DA:186,0
DA:187,0
DA:189,0
DA:190,0
DA:191,0
DA:193,0
DA:194,0
DA:196,0
DA:197,0
DA:199,0
DA:200,0
DA:202,0
DA:203,0
DA:205,0
DA:228,0
DA:230,0
DA:233,0
DA:234,0
DA:235,0
DA:236,0
DA:237,0
DA:238,0
DA:239,0
DA:240,0
DA:241,0
DA:242,0
DA:243,0
DA:244,0
DA:245,0
DA:246,0
DA:247,0
DA:248,0
DA:249,0
DA:250,0
DA:251,0
DA:252,0
LF:109
LH:0
end_of_record
SF:lib\common\entities\loan\loan.dart
DA:4,0
DA:6,0
DA:8,0
DA:9,0
DA:14,0
DA:15,0
DA:16,0
DA:20,0
DA:24,0
DA:25,0
DA:30,0
DA:31,0
DA:33,0
DA:34,0
DA:35,0
DA:36,0
DA:37,0
DA:38,0
DA:39,0
DA:41,0
DA:43,0
DA:47,0
DA:49,0
DA:51,0
DA:53,0
DA:55,0
DA:62,0
DA:68,0
DA:69,0
DA:70,0
DA:71,0
DA:73,0
DA:75,0
DA:82,0
DA:84,0
DA:87,0
DA:88,0
DA:89,0
DA:90,0
DA:95,0
DA:102,0
DA:103,0
DA:105,0
DA:107,0
DA:108,0
DA:113,0
DA:114,0
DA:115,0
DA:119,0
DA:120,0
DA:129,0
DA:131,0
DA:134,0
DA:135,0
DA:136,0
DA:137,0
DA:138,0
DA:143,0
DA:185,0
DA:186,0
DA:188,0
DA:190,0
DA:191,0
DA:192,0
DA:193,0
DA:196,0
DA:197,0
DA:198,0
DA:200,0
DA:202,0
DA:203,0
DA:204,0
DA:205,0
DA:206,0
DA:207,0
DA:210,0
DA:211,0
DA:213,0
DA:214,0
DA:215,0
DA:217,0
DA:218,0
DA:220,0
DA:221,0
DA:223,0
DA:224,0
DA:226,0
DA:227,0
DA:229,0
DA:230,0
DA:232,0
DA:233,0
DA:235,0
DA:236,0
DA:237,0
DA:239,0
DA:240,0
DA:242,0
DA:243,0
DA:244,0
DA:245,0
DA:247,0
DA:248,0
DA:250,0
DA:251,0
DA:253,0
DA:254,0
DA:257,0
DA:258,0
DA:259,0
DA:261,0
DA:262,0
DA:265,0
DA:266,0
DA:267,0
DA:269,0
DA:270,0
DA:314,0
DA:316,0
DA:319,0
DA:320,0
DA:321,0
DA:322,0
DA:323,0
DA:324,0
DA:325,0
DA:326,0
DA:327,0
DA:328,0
DA:329,0
DA:330,0
DA:331,0
DA:332,0
DA:333,0
DA:334,0
DA:335,0
DA:336,0
DA:337,0
DA:338,0
DA:339,0
DA:340,0
DA:341,0
DA:342,0
DA:343,0
DA:344,0
DA:345,0
DA:346,0
DA:347,0
DA:348,0
DA:349,0
DA:350,0
DA:351,0
DA:352,0
DA:353,0
DA:354,0
DA:355,0
DA:356,0
DA:357,0
DA:358,0
LF:159
LH:0
end_of_record
SF:lib\common\entities\loan\quota.dart
DA:4,0
DA:6,0
DA:8,0
DA:9,0
DA:14,0
DA:15,0
DA:16,0
DA:20,0
DA:24,0
DA:25,0
DA:30,0
DA:31,0
DA:33,0
DA:34,0
DA:35,0
DA:36,0
DA:37,0
DA:38,0
DA:39,0
DA:41,0
DA:43,0
DA:47,0
DA:49,0
DA:51,0
DA:53,0
DA:55,0
DA:62,0
DA:68,0
DA:69,0
DA:70,0
DA:71,0
DA:73,0
DA:75,0
DA:82,0
DA:84,0
DA:87,0
DA:88,0
DA:89,0
DA:90,0
DA:95,0
DA:101,0
DA:102,0
DA:104,0
DA:105,0
DA:112,0
DA:114,0
DA:117,0
DA:118,0
DA:119,0
DA:120,0
LF:50
LH:0
end_of_record
SF:lib\common\entities\loan\staff.dart
DA:4,0
DA:6,0
DA:8,0
DA:9,0
DA:14,0
DA:15,0
DA:16,0
DA:20,0
DA:24,0
DA:25,0
DA:30,0
DA:31,0
DA:33,0
DA:34,0
DA:35,0
DA:36,0
DA:37,0
DA:38,0
DA:39,0
DA:41,0
DA:43,0
DA:47,0
DA:49,0
DA:51,0
DA:53,0
DA:55,0
DA:62,0
DA:68,0
DA:69,0
DA:70,0
DA:71,0
DA:73,0
DA:75,0
DA:82,0
DA:84,0
DA:87,0
DA:88,0
DA:89,0
DA:90,0
DA:95,0
DA:102,0
DA:104,0
DA:106,0
DA:108,0
DA:109,0
DA:114,0
DA:115,0
DA:116,0
DA:120,0
DA:121,0
DA:130,0
DA:132,0
DA:135,0
DA:136,0
DA:137,0
DA:138,0
DA:139,0
DA:144,0
DA:174,0
DA:175,0
DA:177,0
DA:179,0
DA:180,0
DA:185,0
DA:187,0
DA:188,0
DA:190,0
DA:191,0
DA:192,0
DA:194,0
DA:195,0
DA:197,0
DA:199,0
DA:201,0
DA:203,0
DA:204,0
DA:206,0
DA:208,0
DA:209,0
DA:210,0
DA:211,0
DA:212,0
DA:213,0
DA:215,0
DA:216,0
DA:217,0
DA:219,0
DA:220,0
DA:222,0
DA:224,0
DA:225,0
DA:226,0
DA:228,0
DA:229,0
DA:231,0
DA:263,0
DA:265,0
DA:268,0
DA:269,0
DA:270,0
DA:271,0
DA:272,0
DA:273,0
DA:274,0
DA:275,0
DA:276,0
DA:277,0
DA:278,0
DA:279,0
DA:280,0
DA:281,0
DA:282,0
DA:283,0
DA:284,0
DA:285,0
DA:286,0
DA:287,0
DA:288,0
DA:289,0
DA:290,0
DA:291,0
DA:292,0
DA:293,0
DA:294,0
DA:295,0
LF:125
LH:0
end_of_record
SF:lib\common\entities\loan\step.dart
DA:4,0
DA:6,0
DA:8,0
DA:9,0
DA:14,0
DA:15,0
DA:16,0
DA:20,0
DA:24,0
DA:25,0
DA:30,0
DA:31,0
DA:33,0
DA:34,0
DA:35,0
DA:36,0
DA:37,0
DA:38,0
DA:39,0
DA:41,0
DA:43,0
DA:47,0
DA:49,0
DA:51,0
DA:53,0
DA:55,0
DA:62,0
DA:68,0
DA:69,0
DA:70,0
DA:71,0
DA:73,0
DA:75,0
DA:82,0
DA:84,0
DA:87,0
DA:88,0
DA:89,0
DA:90,0
DA:95,0
DA:102,0
DA:104,0
DA:106,0
DA:108,0
DA:109,0
DA:114,0
DA:115,0
DA:116,0
DA:120,0
DA:121,0
DA:130,0
DA:132,0
DA:135,0
DA:136,0
DA:137,0
DA:138,0
DA:139,0
DA:144,0
DA:150,0
DA:151,0
DA:152,0
DA:153,0
DA:160,0
DA:162,0
DA:165,0
DA:166,0
DA:167,0
DA:168,0
LF:68
LH:0
end_of_record
SF:lib\common\entities\mine\mine.dart
DA:4,0
DA:6,0
DA:8,0
DA:9,0
DA:14,0
DA:15,0
DA:16,0
DA:20,0
DA:24,0
DA:25,0
DA:30,0
DA:31,0
DA:33,0
DA:34,0
DA:35,0
DA:36,0
DA:37,0
DA:38,0
DA:39,0
DA:41,0
DA:43,0
DA:47,0
DA:54,0
DA:60,0
DA:61,0
DA:62,0
DA:63,0
DA:64,0
DA:71,0
DA:73,0
DA:76,0
DA:77,0
DA:78,0
DA:79,0
DA:84,0
DA:90,0
DA:91,0
DA:92,0
DA:94,0
DA:101,0
DA:103,0
DA:106,0
DA:107,0
DA:108,0
DA:109,0
DA:114,0
DA:120,0
DA:121,0
DA:122,0
DA:123,0
DA:130,0
DA:132,0
DA:135,0
DA:136,0
DA:137,0
DA:138,0
DA:143,0
DA:149,0
DA:150,0
DA:151,0
DA:152,0
DA:159,0
DA:161,0
DA:164,0
DA:165,0
DA:166,0
DA:167,0
DA:172,0
DA:179,0
DA:180,0
DA:182,0
DA:184,0
DA:185,0
DA:190,0
DA:191,0
DA:193,0
DA:194,0
DA:203,0
DA:205,0
DA:208,0
DA:209,0
DA:210,0
DA:211,0
DA:212,0
DA:217,0
DA:222,0
DA:223,0
DA:225,0
DA:227,0
DA:228,0
DA:234,0
DA:236,0
DA:238,0
DA:239,0
DA:244,0
DA:253,0
DA:255,0
DA:258,0
DA:259,0
DA:260,0
DA:265,0
DA:270,0
DA:271,0
DA:272,0
DA:278,0
DA:280,0
DA:283,0
DA:284,0
DA:285,0
DA:290,0
DA:295,0
DA:296,0
DA:298,0
DA:300,0
DA:301,0
DA:307,0
DA:309,0
DA:311,0
DA:312,0
DA:317,0
DA:326,0
DA:328,0
DA:331,0
DA:332,0
DA:333,0
DA:338,0
DA:343,0
DA:344,0
DA:346,0
DA:348,0
DA:349,0
DA:355,0
DA:357,0
DA:359,0
DA:360,0
DA:365,0
DA:374,0
DA:376,0
DA:379,0
DA:380,0
DA:381,0
LF:141
LH:0
end_of_record
SF:lib\common\utils\loan_http.dart
DA:28,0
DA:29,0
DA:33,0
DA:35,0
DA:47,0
DA:65,0
DA:68,0
DA:69,0
DA:72,0
DA:73,0
DA:75,0
DA:82,0
DA:84,0
DA:88,0
DA:90,0
DA:91,0
DA:92,0
DA:93,0
DA:105,0
DA:106,0
DA:107,0
DA:108,0
DA:109,0
DA:110,0
DA:111,0
DA:112,0
DA:113,0
DA:114,0
DA:118,0
DA:123,0
DA:128,0
DA:136,0
DA:137,0
DA:138,0
DA:139,0
DA:140,0
DA:141,0
DA:142,0
DA:143,0
DA:144,0
DA:145,0
DA:146,0
DA:150,0
DA:154,0
DA:155,0
DA:156,0
DA:157,0
DA:158,0
DA:159,0
DA:160,0
DA:161,0
DA:162,0
DA:163,0
DA:164,0
DA:165,0
DA:166,0
DA:167,0
DA:168,0
DA:169,0
DA:170,0
DA:171,0
DA:175,0
DA:177,0
DA:178,0
DA:183,0
DA:184,0
DA:189,0
DA:200,0
DA:201,0
DA:205,0
DA:206,0
DA:207,0
DA:208,0
DA:219,0
DA:229,0
DA:230,0
DA:231,0
DA:238,0
DA:239,0
DA:241,0
DA:244,0
DA:248,0
DA:250,0
DA:254,0
DA:260,0
DA:261,0
DA:262,0
DA:264,0
DA:266,0
DA:271,0
DA:273,0
DA:274,0
DA:278,0
DA:284,0
DA:285,0
DA:286,0
DA:288,0
DA:290,0
DA:295,0
DA:297,0
DA:301,0
DA:307,0
DA:308,0
DA:309,0
DA:311,0
DA:313,0
DA:318,0
DA:320,0
DA:324,0
DA:330,0
DA:331,0
DA:332,0
DA:334,0
DA:336,0
DA:341,0
DA:343,0
DA:347,0
DA:353,0
DA:354,0
DA:355,0
DA:357,0
DA:359,0
DA:361,0
DA:364,0
DA:366,0
DA:370,0
DA:377,0
DA:378,0
DA:379,0
DA:381,0
DA:383,0
DA:384,0
DA:386,0
DA:388,0
DA:391,0
DA:393,0
DA:401,0
DA:403,0
DA:405,0
DA:406,0
LF:140
LH:0
end_of_record
SF:lib\common\utils\new_common_http.dart
DA:28,0
DA:29,0
DA:34,0
DA:36,0
DA:38,0
DA:48,0
DA:66,0
DA:69,0
DA:70,0
DA:73,0
DA:74,0
DA:76,0
DA:83,0
DA:85,0
DA:89,0
DA:91,0
DA:92,0
DA:93,0
DA:94,0
DA:106,0
DA:107,0
DA:108,0
DA:109,0
DA:110,0
DA:111,0
DA:112,0
DA:113,0
DA:114,0
DA:115,0
DA:119,0
DA:124,0
DA:129,0
DA:137,0
DA:138,0
DA:139,0
DA:140,0
DA:141,0
DA:142,0
DA:143,0
DA:144,0
DA:145,0
DA:146,0
DA:147,0
DA:151,0
DA:155,0
DA:156,0
DA:157,0
DA:158,0
DA:159,0
DA:160,0
DA:161,0
DA:162,0
DA:163,0
DA:164,0
DA:165,0
DA:166,0
DA:167,0
DA:168,0
DA:169,0
DA:170,0
DA:171,0
DA:172,0
DA:176,0
DA:178,0
DA:179,0
DA:184,0
DA:185,0
DA:190,0
DA:201,0
DA:202,0
DA:206,0
DA:207,0
DA:208,0
DA:209,0
DA:220,0
DA:230,0
DA:231,0
DA:232,0
DA:239,0
DA:240,0
DA:242,0
DA:245,0
DA:249,0
DA:251,0
DA:255,0
DA:261,0
DA:262,0
DA:263,0
DA:265,0
DA:269,0
DA:274,0
DA:276,0
DA:277,0
DA:278,0
DA:279,0
DA:280,0
DA:284,0
DA:288,0
DA:292,0
DA:298,0
DA:299,0
DA:300,0
DA:302,0
DA:304,0
DA:309,0
DA:311,0
DA:315,0
DA:321,0
DA:322,0
DA:323,0
DA:325,0
DA:327,0
DA:332,0
DA:334,0
DA:338,0
DA:344,0
DA:345,0
DA:346,0
DA:348,0
DA:350,0
DA:355,0
DA:357,0
DA:361,0
DA:367,0
DA:368,0
DA:369,0
DA:371,0
DA:373,0
DA:375,0
DA:378,0
DA:380,0
DA:384,0
DA:391,0
DA:392,0
DA:393,0
DA:395,0
DA:397,0
DA:398,0
DA:400,0
DA:402,0
DA:405,0
DA:407,0
DA:415,0
DA:417,0
DA:419,0
DA:420,0
LF:146
LH:0
end_of_record
SF:lib\common\entities\app.dart
DA:11,0
DA:18,0
DA:19,0
DA:20,0
DA:21,0
DA:22,0
DA:23,0
DA:26,0
DA:27,0
DA:28,0
DA:29,0
DA:30,0
DA:40,0
DA:47,0
DA:48,0
DA:49,0
DA:50,0
DA:51,0
DA:52,0
DA:55,0
DA:56,0
DA:57,0
DA:58,0
DA:59,0
LF:24
LH:0
end_of_record
SF:lib\common\entities\categories.dart
DA:6,0
DA:11,0
DA:12,0
DA:13,0
DA:14,0
DA:17,0
DA:18,0
DA:19,0
LF:8
LH:0
end_of_record
SF:lib\common\entities\channels.dart
DA:6,0
DA:11,0
DA:12,0
DA:13,0
DA:14,0
DA:17,0
DA:18,0
DA:19,0
LF:8
LH:0
end_of_record
SF:lib\common\entities\user.dart
DA:6,0
DA:11,0
DA:12,0
DA:13,0
DA:14,0
DA:17,0
DA:18,0
DA:19,0
DA:28,0
DA:33,0
DA:34,0
DA:35,0
DA:36,0
DA:39,0
DA:40,0
DA:41,0
DA:51,0
DA:57,0
DA:58,0
DA:59,0
DA:60,0
DA:61,0
DA:64,0
DA:65,0
DA:66,0
DA:68,0
LF:26
LH:0
end_of_record
SF:lib\common\entities\news.dart
DA:10,0
DA:19,0
DA:20,0
DA:21,0
DA:22,0
DA:23,0
DA:24,0
DA:25,0
DA:37,0
DA:45,0
DA:46,0
DA:47,0
DA:48,0
DA:49,0
DA:50,0
DA:51,0
DA:52,0
DA:53,0
DA:54,0
DA:57,0
DA:58,0
DA:59,0
DA:60,0
DA:61,0
DA:62,0
DA:63,0
DA:64,0
DA:77,0
DA:87,0
DA:88,0
DA:89,0
DA:90,0
DA:91,0
DA:92,0
DA:93,0
DA:94,0
DA:97,0
DA:98,0
DA:99,0
DA:100,0
DA:101,0
DA:102,0
DA:103,0
DA:104,0
DA:115,0
DA:122,0
DA:123,0
DA:124,0
DA:125,0
DA:126,0
LF:50
LH:0
end_of_record
SF:lib\common\entities\tags.dart
DA:9,0
DA:17,0
DA:18,0
DA:19,0
DA:20,0
DA:21,0
DA:22,0
DA:30,0
DA:34,0
DA:35,0
DA:36,0
DA:39,0
DA:40,0
LF:13
LH:0
end_of_record
SF:lib\common\entities\im\Im_message.dart
DA:25,0
DA:27,0
DA:28,0
DA:29,0
DA:30,0
DA:37,0
DA:38,0
DA:39,0
DA:40,0
DA:57,0
DA:71,0
DA:72,0
DA:75,0
DA:76,0
DA:77,0
DA:78,0
DA:79,0
DA:80,0
DA:84,0
DA:85,0
DA:86,0
DA:87,0
DA:88,0
DA:89,0
DA:92,0
DA:96,0
DA:97,0
DA:99,0
DA:100,0
DA:101,0
DA:103,0
DA:105,0
DA:108,0
DA:109,0
DA:110,0
DA:111,0
DA:113,0
LF:37
LH:0
end_of_record
SF:lib\common\entities\im\user.dart
DA:6,0
DA:8,0
DA:9,0
DA:10,0
DA:11,0
DA:12,0
LF:6
LH:0
end_of_record
SF:lib\common\entities\login\account.dart
DA:4,0
DA:6,0
DA:8,0
DA:9,0
DA:14,0
DA:15,0
DA:16,0
DA:20,0
DA:24,0
DA:25,0
DA:30,0
DA:31,0
DA:33,0
DA:34,0
DA:35,0
DA:36,0
DA:37,0
DA:38,0
DA:39,0
DA:41,0
DA:43,0
DA:47,0
DA:49,0
DA:51,0
DA:53,0
DA:55,0
DA:62,0
DA:66,0
DA:67,0
DA:69,0
DA:71,0
DA:72,0
DA:77,0
DA:84,0
DA:86,0
DA:89,0
DA:90,0
DA:95,0
DA:113,0
DA:114,0
DA:115,0
DA:117,0
DA:118,0
DA:119,0
DA:120,0
DA:121,0
DA:123,0
DA:124,0
DA:127,0
DA:129,0
DA:130,0
DA:131,0
DA:132,0
DA:133,0
DA:134,0
DA:135,0
DA:136,0
DA:154,0
DA:156,0
DA:159,0
DA:160,0
DA:161,0
DA:162,0
DA:163,0
DA:164,0
DA:165,0
DA:166,0
DA:167,0
DA:168,0
DA:169,0
DA:170,0
DA:171,0
DA:172,0
DA:173,0
DA:174,0
LF:75
LH:0
end_of_record
SF:lib\common\langs\translation_service.dart
DA:17,0
DA:19,0
DA:20,0
LF:3
LH:0
end_of_record
SF:lib\common\middlewares\router_auth.dart
DA:13,0
DA:15,0
DA:17,0
DA:18,0
DA:19,0
DA:20,0
DA:23,0
DA:24,0
LF:8
LH:0
end_of_record
SF:lib\common\middlewares\router_welcome.dart
DA:13,0
DA:15,0
DA:17,0
DA:18,0
DA:22,0
DA:24,0
LF:6
LH:0
end_of_record
SF:lib\common\routers\observers.dart
DA:5,0
DA:7,0
DA:8,0
DA:9,0
DA:14,0
DA:16,0
DA:17,0
DA:22,0
DA:24,0
DA:26,0
DA:27,0
DA:29,0
DA:30,0
DA:31,0
DA:32,0
DA:34,0
DA:42,0
DA:44,0
DA:45,0
DA:50,0
DA:53,0
DA:56,0
DA:58,0
LF:23
LH:0
end_of_record
SF:lib\common\routers\pages.dart
DA:86,0
DA:87,0
DA:89,0
DA:91,0
DA:93,0
DA:94,0
DA:95,0
DA:96,0
DA:99,0
DA:101,0
DA:102,0
DA:104,0
DA:106,0
DA:107,0
DA:110,0
DA:112,0
DA:113,0
DA:117,0
DA:119,0
DA:120,0
DA:121,0
DA:122,0
DA:125,0
DA:127,0
DA:128,0
DA:130,0
DA:132,0
DA:133,0
DA:136,0
DA:138,0
DA:139,0
DA:142,0
DA:144,0
DA:145,0
DA:148,0
DA:150,0
DA:151,0
DA:155,0
DA:157,0
DA:158,0
DA:161,0
DA:163,0
DA:164,0
DA:167,0
DA:169,0
DA:170,0
DA:173,0
DA:175,0
DA:176,0
DA:179,0
DA:181,0
DA:182,0
DA:185,0
DA:187,0
DA:188,0
DA:191,0
DA:193,0
DA:194,0
DA:197,0
DA:199,0
DA:200,0
DA:203,0
DA:205,0
DA:206,0
DA:209,0
DA:211,0
DA:212,0
DA:216,0
DA:218,0
DA:219,0
DA:223,0
DA:225,0
DA:226,0
DA:229,0
DA:231,0
DA:232,0
DA:235,0
DA:237,0
DA:238,0
DA:241,0
DA:243,0
DA:244,0
DA:247,0
DA:249,0
DA:250,0
DA:254,0
DA:256,0
DA:257,0
DA:260,0
DA:262,0
DA:263,0
DA:266,0
DA:268,0
DA:269,0
DA:272,0
DA:274,0
DA:275,0
DA:278,0
DA:280,0
DA:281,0
DA:284,0
DA:286,0
DA:287,0
DA:290,0
DA:292,0
DA:293,0
DA:296,0
DA:298,0
DA:299,0
DA:302,0
DA:304,0
DA:305,0
DA:308,0
DA:310,0
DA:311,0
DA:314,0
DA:316,0
DA:317,0
DA:321,0
DA:323,0
DA:324,0
DA:327,0
DA:329,0
DA:330,0
DA:333,0
DA:335,0
DA:336,0
DA:339,0
DA:341,0
DA:342,0
DA:354,0
DA:362,0
DA:363,0
LF:133
LH:0
end_of_record
SF:lib\pages\add_vip\view.dart
DA:20,0
DA:22,0
DA:23,0
DA:24,0
DA:30,0
DA:31,0
DA:32,0
DA:36,0
DA:37,0
DA:39,0
DA:41,0
DA:42,0
DA:43,0
DA:44,0
DA:48,0
DA:52,0
DA:54,0
DA:55,0
DA:58,0
DA:60,0
DA:62,0
DA:64,0
DA:66,0
DA:67,0
DA:68,0
DA:71,0
DA:72,0
DA:73,0
DA:74,0
DA:75,0
DA:76,0
DA:77,0
DA:78,0
DA:86,0
DA:87,0
DA:88,0
DA:89,0
DA:90,0
DA:91,0
DA:92,0
DA:93,0
DA:94,0
DA:95,0
DA:97,0
DA:98,0
DA:104,0
DA:105,0
DA:106,0
DA:107,0
DA:108,0
DA:109,0
DA:110,0
DA:111,0
DA:112,0
DA:113,0
DA:115,0
DA:116,0
DA:117,0
DA:118,0
DA:119,0
DA:122,0
DA:126,0
DA:127,0
DA:128,0
DA:130,0
DA:131,0
DA:133,0
DA:134,0
DA:135,0
DA:136,0
DA:137,0
DA:138,0
DA:141,0
DA:142,0
DA:148,0
DA:156,0
DA:158,0
DA:159,0
DA:160,0
DA:168,0
DA:169,0
DA:170,0
DA:171,0
DA:172,0
DA:173,0
DA:174,0
DA:175,0
DA:176,0
DA:177,0
DA:179,0
DA:180,0
DA:181,0
DA:182,0
DA:183,0
DA:186,0
DA:190,0
DA:191,0
DA:192,0
DA:194,0
DA:195,0
DA:197,0
DA:198,0
DA:199,0
DA:200,0
DA:201,0
DA:207,0
DA:208,0
DA:209,0
DA:212,0
DA:220,0
DA:222,0
DA:223,0
DA:224,0
DA:232,0
DA:233,0
DA:234,0
DA:235,0
DA:236,0
DA:237,0
DA:238,0
DA:239,0
DA:240,0
DA:241,0
DA:243,0
DA:244,0
DA:245,0
DA:246,0
DA:247,0
DA:250,0
DA:254,0
DA:255,0
DA:256,0
DA:258,0
DA:259,0
DA:261,0
DA:262,0
DA:263,0
DA:264,0
DA:265,0
DA:271,0
DA:272,0
DA:273,0
DA:276,0
DA:284,0
DA:286,0
DA:287,0
DA:288,0
DA:296,0
DA:297,0
DA:298,0
DA:299,0
DA:301,0
DA:302,0
DA:303,0
DA:305,0
DA:306,0
DA:307,0
DA:308,0
DA:309,0
DA:310,0
DA:311,0
DA:312,0
DA:313,0
DA:318,0
DA:319,0
DA:321,0
DA:322,0
DA:326,0
DA:335,0
DA:336,0
DA:337,0
DA:338,0
DA:339,0
DA:340,0
DA:341,0
DA:344,0
DA:345,0
DA:346,0
DA:347,0
DA:349,0
DA:350,0
DA:352,0
DA:353,0
DA:354,0
DA:355,0
DA:356,0
DA:357,0
DA:361,0
DA:362,0
DA:364,0
DA:366,0
DA:368,0
DA:369,0
DA:370,0
DA:372,0
DA:373,0
DA:376,0
DA:377,0
DA:379,0
DA:380,0
DA:381,0
DA:382,0
DA:386,0
DA:388,0
DA:389,0
DA:393,0
DA:394,0
DA:405,0
DA:408,0
DA:409,0
DA:410,0
DA:411,0
DA:412,0
DA:413,0
DA:416,0
DA:417,0
DA:418,0
DA:419,0
DA:421,0
DA:422,0
DA:424,0
DA:425,0
DA:426,0
DA:427,0
DA:428,0
DA:429,0
DA:432,0
DA:433,0
DA:441,0
DA:442,0
DA:443,0
DA:444,0
DA:445,0
DA:446,0
DA:449,0
DA:450,0
DA:451,0
DA:453,0
DA:454,0
DA:455,0
DA:456,0
DA:457,0
DA:458,0
DA:459,0
DA:460,0
DA:461,0
DA:462,0
DA:463,0
DA:464,0
DA:465,0
DA:466,0
DA:467,0
DA:468,0
DA:469,0
DA:470,0
DA:471,0
DA:472,0
DA:474,0
DA:475,0
DA:476,0
DA:477,0
DA:478,0
DA:482,0
DA:483,0
DA:485,0
DA:486,0
DA:487,0
DA:488,0
DA:489,0
DA:493,0
DA:495,0
DA:496,0
DA:500,0
DA:501,0
DA:512,0
DA:513,0
DA:514,0
DA:515,0
DA:516,0
DA:517,0
DA:519,0
DA:521,0
DA:523,0
DA:525,0
DA:526,0
DA:527,0
DA:528,0
DA:529,0
DA:530,0
DA:531,0
DA:532,0
DA:534,0
DA:535,0
DA:536,0
DA:537,0
DA:538,0
DA:539,0
DA:540,0
DA:541,0
DA:551,0
DA:552,0
DA:553,0
DA:558,0
DA:559,0
DA:560,0
DA:561,0
DA:562,0
DA:563,0
DA:572,0
DA:573,0
DA:574,0
DA:576,0
DA:577,0
DA:578,0
DA:579,0
DA:584,0
DA:586,0
DA:588,0
DA:593,0
LF:319
LH:0
end_of_record
SF:lib\pages\amap\binding.dart
DA:6,0
DA:8,0
LF:2
LH:0
end_of_record
SF:lib\pages\amap\view.dart
DA:11,0
DA:13,0
LF:2
LH:0
end_of_record
SF:lib\pages\calcucation\binding.dart
DA:6,0
DA:8,0
LF:2
LH:0
end_of_record
SF:lib\pages\calcucation\view.dart
DA:14,0
DA:16,0
DA:17,0
DA:18,0
DA:19,0
DA:20,0
DA:21,0
DA:22,0
DA:24,0
DA:26,0
DA:28,0
DA:29,0
DA:30,0
DA:31,0
DA:32,0
DA:33,0
DA:34,0
DA:35,0
DA:37,0
DA:38,0
DA:39,0
DA:40,0
DA:41,0
DA:42,0
DA:44,0
DA:45,0
DA:46,0
DA:47,0
DA:49,0
DA:50,0
DA:51,0
DA:52,0
DA:53,0
DA:54,0
DA:55,0
DA:62,0
DA:64,0
DA:65,0
DA:69,0
DA:70,0
DA:72,0
DA:86,0
DA:87,0
DA:88,0
DA:89,0
DA:90,0
DA:91,0
DA:93,0
DA:94,0
DA:100,0
DA:101,0
DA:104,0
DA:105,0
DA:106,0
DA:107,0
DA:108,0
DA:109,0
DA:111,0
DA:113,0
DA:114,0
DA:115,0
DA:118,0
DA:119,0
DA:123,0
DA:124,0
DA:125,0
DA:126,0
DA:128,0
DA:129,0
DA:130,0
DA:131,0
DA:132,0
DA:134,0
DA:136,0
DA:137,0
DA:138,0
DA:140,0
DA:141,0
DA:149,0
DA:150,0
DA:151,0
DA:152,0
DA:153,0
DA:154,0
DA:155,0
DA:156,0
DA:157,0
DA:159,0
DA:160,0
DA:161,0
DA:162,0
DA:163,0
DA:169,0
DA:170,0
DA:171,0
DA:172,0
DA:175,0
DA:176,0
DA:180,0
DA:192,0
DA:193,0
DA:194,0
DA:195,0
DA:196,0
DA:197,0
DA:198,0
DA:199,0
DA:200,0
DA:202,0
DA:203,0
DA:204,0
DA:205,0
DA:206,0
DA:212,0
DA:213,0
DA:214,0
DA:215,0
DA:218,0
DA:219,0
DA:220,0
DA:224,0
DA:235,0
DA:236,0
DA:238,0
DA:239,0
DA:240,0
DA:241,0
DA:242,0
DA:245,0
DA:256,0
DA:257,0
DA:259,0
DA:261,0
DA:262,0
DA:263,0
DA:264,0
DA:265,0
DA:270,0
LF:138
LH:0
end_of_record
SF:lib\pages\calcucation_detail\binding.dart
DA:6,0
DA:8,0
LF:2
LH:0
end_of_record
SF:lib\pages\calcucation_detail\view.dart
DA:11,0
DA:13,0
LF:2
LH:0
end_of_record
SF:lib\pages\calcucation_exact\binding.dart
DA:6,0
DA:8,0
LF:2
LH:0
end_of_record
SF:lib\pages\calcucation_exact\view.dart
DA:15,0
DA:17,0
DA:19,0
DA:20,0
DA:21,0
DA:27,0
DA:28,0
DA:29,0
DA:30,0
DA:31,0
DA:32,0
DA:34,0
DA:35,0
DA:37,0
DA:38,0
DA:39,0
DA:40,0
DA:41,0
DA:43,0
DA:44,0
DA:45,0
DA:46,0
DA:47,0
DA:48,0
DA:49,0
DA:50,0
DA:51,0
DA:56,0
DA:57,0
DA:58,0
DA:61,0
DA:63,0
DA:64,0
DA:66,0
DA:67,0
DA:68,0
DA:73,0
DA:74,0
DA:75,0
DA:76,0
DA:77,0
DA:82,0
DA:83,0
DA:86,0
DA:87,0
DA:93,0
DA:94,0
DA:95,0
DA:96,0
DA:97,0
DA:98,0
DA:99,0
DA:100,0
DA:102,0
DA:103,0
DA:106,0
DA:108,0
DA:109,0
DA:111,0
DA:112,0
DA:113,0
DA:118,0
DA:119,0
DA:120,0
DA:121,0
DA:123,0
DA:126,0
DA:131,0
DA:132,0
DA:133,0
DA:134,0
DA:136,0
DA:139,0
DA:144,0
DA:145,0
DA:146,0
DA:147,0
DA:148,0
DA:150,0
DA:153,0
DA:158,0
DA:159,0
DA:160,0
DA:161,0
DA:163,0
DA:166,0
DA:171,0
DA:172,0
DA:173,0
DA:174,0
DA:176,0
DA:179,0
DA:180,0
DA:186,0
DA:187,0
DA:188,0
DA:189,0
DA:190,0
DA:191,0
DA:192,0
DA:193,0
DA:195,0
DA:196,0
DA:199,0
DA:201,0
DA:202,0
DA:204,0
DA:207,0
DA:208,0
DA:213,0
DA:214,0
DA:215,0
DA:216,0
DA:218,0
DA:221,0
DA:222,0
DA:223,0
DA:224,0
DA:225,0
DA:226,0
DA:227,0
DA:229,0
DA:230,0
DA:233,0
DA:238,0
DA:239,0
DA:240,0
DA:241,0
DA:243,0
DA:246,0
DA:247,0
DA:248,0
DA:249,0
DA:250,0
DA:251,0
DA:252,0
DA:254,0
DA:255,0
DA:258,0
DA:259,0
DA:265,0
DA:266,0
DA:267,0
DA:268,0
DA:269,0
DA:270,0
DA:271,0
DA:272,0
DA:275,0
DA:276,0
DA:279,0
DA:281,0
DA:282,0
DA:284,0
DA:285,0
DA:286,0
DA:291,0
DA:292,0
DA:293,0
DA:294,0
DA:295,0
DA:297,0
DA:300,0
DA:305,0
DA:306,0
DA:307,0
DA:308,0
DA:310,0
DA:313,0
DA:318,0
DA:319,0
DA:320,0
DA:321,0
DA:322,0
DA:324,0
DA:327,0
DA:328,0
DA:334,0
DA:335,0
DA:336,0
DA:337,0
DA:338,0
DA:339,0
DA:340,0
DA:341,0
DA:344,0
DA:345,0
DA:348,0
DA:350,0
DA:351,0
DA:353,0
DA:354,0
DA:355,0
DA:360,0
DA:361,0
DA:362,0
DA:363,0
DA:364,0
DA:366,0
DA:369,0
DA:370,0
DA:376,0
DA:377,0
DA:378,0
DA:379,0
DA:380,0
DA:381,0
DA:382,0
DA:383,0
DA:386,0
DA:387,0
DA:390,0
DA:392,0
DA:393,0
DA:395,0
DA:396,0
DA:397,0
DA:402,0
DA:403,0
DA:404,0
DA:405,0
DA:407,0
DA:410,0
DA:411,0
DA:417,0
DA:418,0
DA:419,0
DA:420,0
DA:421,0
DA:422,0
DA:423,0
DA:424,0
DA:427,0
DA:428,0
DA:431,0
DA:433,0
DA:434,0
DA:436,0
DA:437,0
DA:438,0
DA:443,0
DA:444,0
DA:445,0
DA:446,0
DA:448,0
DA:451,0
DA:456,0
DA:457,0
DA:458,0
DA:459,0
DA:460,0
DA:462,0
DA:465,0
DA:470,0
DA:471,0
DA:472,0
DA:473,0
DA:474,0
DA:476,0
DA:479,0
DA:484,0
DA:485,0
DA:486,0
DA:487,0
DA:488,0
DA:489,0
DA:491,0
DA:494,0
DA:495,0
DA:501,0
DA:502,0
DA:503,0
DA:504,0
DA:505,0
DA:506,0
DA:508,0
DA:509,0
DA:510,0
DA:511,0
DA:512,0
DA:513,0
DA:514,0
DA:516,0
DA:517,0
DA:520,0
DA:521,0
DA:522,0
DA:525,0
DA:527,0
DA:528,0
DA:530,0
DA:531,0
DA:532,0
DA:537,0
DA:538,0
DA:539,0
DA:540,0
DA:541,0
DA:542,0
DA:543,0
DA:545,0
DA:548,0
DA:553,0
DA:554,0
DA:555,0
DA:556,0
DA:557,0
DA:558,0
DA:559,0
DA:561,0
DA:564,0
DA:565,0
DA:566,0
DA:567,0
DA:568,0
DA:573,0
DA:574,0
DA:575,0
DA:576,0
DA:577,0
DA:578,0
DA:579,0
DA:582,0
DA:585,0
DA:590,0
DA:591,0
DA:592,0
DA:593,0
DA:594,0
DA:595,0
DA:596,0
DA:599,0
DA:605,0
DA:606,0
DA:607,0
DA:608,0
DA:609,0
DA:614,0
DA:615,0
DA:616,0
DA:617,0
DA:618,0
DA:619,0
DA:620,0
DA:623,0
DA:626,0
DA:631,0
DA:632,0
DA:633,0
DA:634,0
DA:635,0
DA:636,0
DA:637,0
DA:640,0
DA:646,0
DA:647,0
DA:648,0
DA:649,0
DA:650,0
DA:651,0
DA:657,0
DA:658,0
DA:661,0
DA:662,0
DA:665,0
DA:667,0
DA:668,0
DA:670,0
DA:671,0
DA:672,0
DA:677,0
DA:678,0
DA:679,0
DA:680,0
DA:682,0
DA:685,0
DA:690,0
DA:691,0
DA:692,0
DA:693,0
DA:695,0
DA:698,0
DA:699,0
DA:705,0
DA:706,0
DA:707,0
DA:708,0
DA:709,0
DA:710,0
DA:711,0
DA:713,0
DA:715,0
DA:716,0
DA:718,0
DA:719,0
DA:721,0
DA:722,0
DA:724,0
DA:726,0
DA:728,0
DA:729,0
DA:731,0
DA:732,0
DA:735,0
DA:736,0
DA:737,0
DA:738,0
DA:739,0
DA:741,0
DA:742,0
DA:755,0
DA:756,0
DA:757,0
DA:758,0
DA:760,0
DA:761,0
DA:762,0
DA:763,0
DA:764,0
DA:765,0
DA:766,0
DA:767,0
DA:768,0
DA:770,0
DA:779,0
DA:780,0
DA:781,0
DA:782,0
DA:783,0
DA:784,0
DA:785,0
DA:787,0
DA:789,0
DA:790,0
DA:791,0
DA:792,0
DA:795,0
DA:796,0
DA:797,0
DA:798,0
DA:799,0
DA:800,0
DA:802,0
DA:805,0
DA:806,0
DA:815,0
DA:823,0
DA:824,0
DA:825,0
DA:828,0
DA:829,0
DA:830,0
DA:831,0
DA:832,0
DA:834,0
DA:835,0
DA:836,0
DA:837,0
DA:838,0
DA:839,0
DA:842,0
DA:843,0
DA:844,0
DA:845,0
DA:846,0
DA:847,0
DA:848,0
DA:851,0
DA:852,0
DA:853,0
DA:854,0
DA:855,0
DA:861,0
DA:862,0
DA:865,0
DA:866,0
DA:871,0
DA:872,0
DA:876,0
DA:899,0
DA:900,0
DA:901,0
DA:902,0
DA:903,0
DA:904,0
DA:906,0
LF:486
LH:0
end_of_record
SF:lib\pages\calcucation_prepare\view.dart
DA:15,0
DA:17,0
DA:19,0
DA:20,0
DA:21,0
DA:27,0
DA:28,0
DA:29,0
DA:30,0
DA:31,0
DA:32,0
DA:34,0
DA:35,0
DA:37,0
DA:38,0
DA:39,0
DA:40,0
DA:41,0
DA:43,0
DA:44,0
DA:45,0
DA:46,0
DA:47,0
DA:48,0
DA:49,0
DA:50,0
DA:51,0
DA:56,0
DA:57,0
DA:58,0
DA:61,0
DA:63,0
DA:64,0
DA:66,0
DA:67,0
DA:68,0
DA:73,0
DA:74,0
DA:75,0
DA:77,0
DA:78,0
DA:80,0
DA:85,0
DA:86,0
DA:87,0
DA:88,0
DA:91,0
DA:96,0
DA:97,0
DA:98,0
DA:99,0
DA:101,0
DA:106,0
DA:107,0
DA:108,0
DA:109,0
DA:111,0
DA:116,0
DA:117,0
DA:118,0
DA:119,0
DA:121,0
DA:126,0
DA:127,0
DA:128,0
DA:129,0
DA:131,0
DA:136,0
DA:137,0
DA:138,0
DA:139,0
DA:141,0
DA:142,0
DA:147,0
DA:148,0
DA:149,0
DA:150,0
DA:151,0
DA:152,0
DA:154,0
DA:155,0
DA:156,0
DA:157,0
DA:158,0
DA:159,0
DA:160,0
DA:162,0
DA:163,0
DA:166,0
DA:167,0
DA:170,0
DA:172,0
DA:173,0
DA:175,0
DA:176,0
DA:177,0
DA:182,0
DA:183,0
DA:184,0
DA:185,0
DA:186,0
DA:187,0
DA:189,0
DA:194,0
DA:195,0
DA:196,0
DA:197,0
DA:198,0
DA:199,0
DA:201,0
DA:202,0
DA:207,0
DA:208,0
DA:209,0
DA:210,0
DA:211,0
DA:212,0
DA:213,0
DA:215,0
DA:217,0
DA:218,0
DA:220,0
DA:221,0
DA:223,0
DA:224,0
DA:226,0
DA:228,0
DA:230,0
DA:231,0
DA:233,0
DA:234,0
DA:237,0
DA:238,0
DA:239,0
DA:240,0
DA:241,0
DA:243,0
DA:244,0
DA:257,0
DA:258,0
DA:259,0
DA:260,0
DA:261,0
DA:262,0
DA:263,0
DA:265,0
DA:266,0
DA:267,0
DA:268,0
DA:269,0
DA:270,0
DA:274,0
DA:275,0
DA:276,0
DA:277,0
DA:279,0
DA:280,0
DA:281,0
DA:282,0
DA:283,0
DA:284,0
DA:286,0
DA:289,0
DA:290,0
DA:291,0
DA:299,0
DA:301,0
DA:302,0
DA:303,0
DA:306,0
DA:307,0
DA:308,0
DA:309,0
DA:310,0
DA:312,0
DA:313,0
DA:314,0
DA:315,0
DA:316,0
DA:317,0
DA:320,0
DA:321,0
DA:322,0
DA:323,0
DA:324,0
DA:325,0
DA:326,0
DA:329,0
DA:330,0
DA:331,0
DA:332,0
DA:333,0
DA:339,0
DA:340,0
DA:343,0
DA:344,0
DA:349,0
DA:350,0
DA:354,0
DA:362,0
DA:363,0
DA:364,0
DA:365,0
DA:366,0
DA:367,0
DA:369,0
LF:206
LH:0
end_of_record
SF:lib\pages\change_account\binding.dart
DA:6,0
DA:8,0
LF:2
LH:0
end_of_record
SF:lib\pages\change_account\view.dart
DA:18,0
DA:20,0
DA:21,0
DA:22,0
DA:23,0
DA:24,0
DA:30,0
DA:31,0
DA:32,0
DA:33,0
DA:34,0
DA:35,0
DA:36,0
DA:39,0
DA:40,0
DA:42,0
DA:43,0
DA:44,0
DA:45,0
DA:47,0
DA:50,0
DA:51,0
DA:52,0
DA:57,0
DA:61,0
DA:62,0
DA:63,0
DA:64,0
DA:65,0
DA:66,0
DA:67,0
DA:68,0
DA:69,0
DA:70,0
DA:71,0
DA:72,0
DA:73,0
DA:77,0
DA:78,0
DA:90,0
DA:91,0
DA:93,0
DA:94,0
DA:95,0
DA:96,0
DA:98,0
DA:102,0
DA:104,0
DA:112,0
DA:113,0
DA:114,0
DA:115,0
DA:116,0
DA:117,0
DA:118,0
DA:119,0
DA:120,0
DA:122,0
DA:124,0
DA:126,0
DA:127,0
DA:130,0
DA:131,0
DA:132,0
DA:133,0
DA:134,0
DA:135,0
DA:136,0
DA:137,0
DA:139,0
DA:140,0
DA:141,0
DA:142,0
DA:143,0
DA:144,0
DA:145,0
DA:146,0
DA:147,0
DA:148,0
DA:149,0
DA:150,0
DA:154,0
DA:156,0
DA:157,0
DA:158,0
DA:159,0
DA:160,0
DA:162,0
DA:163,0
DA:164,0
DA:165,0
DA:166,0
DA:175,0
DA:176,0
DA:177,0
DA:178,0
DA:179,0
DA:180,0
DA:182,0
DA:183,0
DA:184,0
DA:185,0
DA:186,0
DA:187,0
DA:188,0
DA:189,0
DA:191,0
DA:192,0
DA:195,0
DA:196,0
DA:197,0
DA:198,0
DA:209,0
DA:210,0
DA:211,0
DA:214,0
DA:215,0
DA:216,0
DA:218,0
DA:219,0
DA:221,0
DA:224,0
DA:225,0
DA:227,0
DA:229,0
DA:230,0
DA:232,0
DA:233,0
DA:238,0
DA:244,0
DA:248,0
DA:252,0
DA:253,0
DA:254,0
DA:255,0
DA:257,0
DA:259,0
DA:262,0
DA:263,0
DA:264,0
DA:265,0
DA:266,0
DA:267,0
DA:268,0
DA:269,0
DA:271,0
DA:272,0
DA:273,0
DA:274,0
DA:275,0
DA:278,0
DA:280,0
DA:281,0
DA:282,0
DA:283,0
DA:284,0
DA:297,0
DA:300,0
DA:301,0
DA:302,0
DA:303,0
DA:307,0
DA:308,0
DA:309,0
DA:310,0
DA:311,0
DA:313,0
DA:314,0
DA:315,0
DA:316,0
DA:317,0
LF:171
LH:0
end_of_record
SF:lib\pages\change_jump\binding.dart
DA:6,0
DA:8,0
LF:2
LH:0
end_of_record
SF:lib\pages\change_jump\view.dart
DA:10,0
DA:12,0
LF:2
LH:0
end_of_record
SF:lib\pages\channel\binding.dart
DA:6,0
DA:8,0
LF:2
LH:0
end_of_record
SF:lib\pages\channel\view.dart
DA:27,0
DA:29,0
DA:30,0
DA:31,0
DA:37,0
DA:38,0
DA:40,0
DA:47,0
DA:48,0
DA:49,0
DA:50,0
DA:51,0
DA:53,0
DA:54,0
DA:55,0
DA:59,0
DA:60,0
DA:61,0
DA:62,0
DA:64,0
DA:65,0
DA:66,0
DA:67,0
DA:68,0
DA:69,0
DA:76,0
DA:90,0
DA:91,0
DA:92,0
DA:93,0
DA:94,0
DA:95,0
DA:96,0
DA:97,0
DA:119,0
DA:122,0
DA:124,0
DA:125,0
DA:126,0
DA:127,0
DA:128,0
DA:129,0
DA:130,0
DA:132,0
DA:133,0
DA:134,0
DA:135,0
DA:136,0
DA:137,0
DA:138,0
DA:139,0
DA:140,0
DA:141,0
DA:142,0
DA:144,0
DA:146,0
DA:148,0
DA:150,0
DA:151,0
DA:152,0
DA:153,0
DA:154,0
DA:155,0
DA:158,0
DA:159,0
DA:161,0
DA:162,0
DA:164,0
DA:165,0
DA:167,0
DA:168,0
DA:177,0
DA:178,0
DA:179,0
DA:182,0
DA:183,0
DA:184,0
DA:185,0
DA:187,0
DA:189,0
DA:190,0
DA:191,0
DA:192,0
DA:193,0
DA:195,0
DA:197,0
DA:199,0
DA:201,0
DA:202,0
DA:203,0
DA:204,0
DA:205,0
DA:206,0
DA:207,0
DA:209,0
DA:211,0
DA:215,0
DA:216,0
DA:217,0
DA:218,0
DA:219,0
DA:222,0
DA:224,0
DA:228,0
DA:229,0
DA:230,0
DA:231,0
DA:232,0
DA:233,0
DA:234,0
DA:237,0
DA:238,0
DA:240,0
DA:241,0
DA:247,0
DA:249,0
DA:250,0
DA:254,0
DA:255,0
DA:256,0
DA:258,0
DA:261,0
DA:267,0
DA:268,0
DA:269,0
DA:271,0
DA:272,0
DA:273,0
DA:274,0
DA:275,0
DA:276,0
DA:277,0
DA:279,0
DA:280,0
DA:282,0
DA:283,0
DA:284,0
DA:288,0
DA:289,0
DA:290,0
DA:292,0
DA:293,0
DA:295,0
DA:296,0
DA:301,0
DA:302,0
DA:303,0
DA:305,0
DA:306,0
DA:307,0
DA:308,0
DA:310,0
DA:311,0
DA:313,0
DA:330,0
DA:333,0
DA:334,0
DA:335,0
DA:336,0
DA:337,0
DA:338,0
DA:339,0
DA:340,0
DA:341,0
DA:343,0
DA:344,0
DA:345,0
DA:346,0
DA:347,0
DA:348,0
DA:349,0
DA:353,0
DA:354,0
DA:355,0
DA:356,0
DA:357,0
DA:358,0
DA:359,0
DA:360,0
DA:362,0
DA:369,0
DA:370,0
DA:371,0
DA:372,0
DA:373,0
DA:375,0
DA:379,0
DA:380,0
DA:381,0
DA:382,0
DA:383,0
DA:384,0
DA:386,0
DA:387,0
DA:388,0
DA:389,0
DA:390,0
DA:391,0
DA:392,0
DA:393,0
DA:397,0
DA:400,0
DA:405,0
DA:410,0
DA:415,0
DA:420,0
DA:425,0
DA:430,0
DA:432,0
DA:434,0
DA:435,0
DA:436,0
DA:441,0
DA:443,0
DA:446,0
DA:449,0
DA:456,0
DA:458,0
DA:459,0
DA:461,0
DA:462,0
DA:468,0
DA:474,0
DA:480,0
DA:486,0
DA:505,0
DA:508,0
DA:510,0
DA:511,0
DA:515,0
DA:517,0
DA:518,0
DA:521,0
DA:522,0
DA:524,0
DA:525,0
DA:530,0
DA:531,0
DA:532,0
DA:534,0
DA:539,0
DA:540,0
DA:541,0
DA:549,0
DA:551,0
DA:552,0
DA:556,0
DA:558,0
DA:559,0
DA:560,0
DA:567,0
DA:568,0
DA:569,0
DA:570,0
DA:571,0
DA:572,0
DA:573,0
DA:574,0
DA:575,0
DA:576,0
DA:578,0
DA:579,0
DA:580,0
DA:581,0
DA:582,0
DA:583,0
DA:584,0
DA:585,0
DA:586,0
DA:590,0
DA:591,0
DA:592,0
DA:597,0
DA:599,0
DA:600,0
DA:601,0
DA:602,0
DA:603,0
DA:611,0
DA:613,0
DA:614,0
DA:618,0
DA:620,0
DA:621,0
DA:622,0
DA:629,0
DA:630,0
DA:631,0
DA:632,0
DA:633,0
DA:634,0
DA:635,0
DA:636,0
DA:637,0
DA:638,0
DA:640,0
DA:641,0
DA:642,0
DA:643,0
DA:644,0
DA:645,0
DA:646,0
DA:647,0
DA:648,0
DA:652,0
DA:653,0
DA:654,0
DA:659,0
DA:661,0
DA:662,0
DA:663,0
DA:664,0
DA:665,0
DA:681,0
DA:687,0
DA:689,0
DA:690,0
DA:703,0
DA:710,0
DA:712,0
DA:713,0
DA:717,0
DA:719,0
DA:720,0
DA:722,0
DA:725,0
DA:726,0
DA:727,0
DA:729,0
DA:730,0
DA:733,0
DA:735,0
DA:736,0
DA:737,0
DA:739,0
DA:740,0
DA:741,0
DA:742,0
DA:743,0
DA:744,0
DA:745,0
DA:746,0
DA:747,0
DA:749,0
DA:750,0
DA:751,0
DA:752,0
DA:754,0
DA:759,0
DA:760,0
DA:761,0
DA:762,0
DA:763,0
DA:764,0
DA:765,0
DA:766,0
DA:768,0
DA:769,0
DA:770,0
DA:771,0
DA:773,0
DA:778,0
DA:779,0
DA:780,0
DA:781,0
DA:782,0
DA:783,0
DA:784,0
DA:785,0
DA:787,0
DA:788,0
DA:789,0
DA:790,0
DA:792,0
DA:797,0
DA:798,0
DA:799,0
DA:800,0
DA:801,0
DA:802,0
DA:803,0
DA:804,0
DA:806,0
DA:807,0
DA:808,0
DA:809,0
DA:811,0
DA:816,0
DA:817,0
DA:818,0
DA:819,0
DA:820,0
DA:821,0
DA:822,0
DA:823,0
DA:825,0
DA:826,0
DA:827,0
DA:828,0
DA:830,0
DA:835,0
LF:401
LH:0
end_of_record
SF:lib\pages\create_user\binding.dart
DA:6,0
DA:8,0
LF:2
LH:0
end_of_record
SF:lib\pages\create_user\view.dart
DA:11,0
DA:13,0
LF:2
LH:0
end_of_record
SF:lib\pages\distribute\binding.dart
DA:6,0
DA:8,0
LF:2
LH:0
end_of_record
SF:lib\pages\distribute\view.dart
DA:11,0
DA:13,0
LF:2
LH:0
end_of_record
SF:lib\pages\frame\login\binding.dart
DA:6,0
DA:8,0
LF:2
LH:0
end_of_record
SF:lib\pages\frame\login\view.dart
DA:17,0
DA:19,0
DA:20,0
DA:21,0
DA:22,0
DA:23,0
DA:24,0
DA:25,0
DA:26,0
DA:28,0
DA:29,0
DA:30,0
DA:32,0
DA:33,0
DA:35,0
DA:36,0
DA:46,0
DA:47,0
DA:49,0
DA:50,0
DA:51,0
DA:52,0
DA:53,0
DA:54,0
DA:55,0
DA:56,0
DA:62,0
DA:64,0
DA:66,0
DA:68,0
DA:70,0
DA:71,0
DA:72,0
DA:74,0
DA:79,0
DA:80,0
DA:86,0
DA:87,0
DA:89,0
DA:90,0
DA:92,0
DA:93,0
DA:94,0
DA:95,0
DA:96,0
DA:97,0
DA:99,0
DA:132,0
DA:133,0
DA:193,0
DA:194,0
DA:196,0
DA:197,0
DA:199,0
DA:200,0
DA:201,0
DA:202,0
DA:203,0
DA:206,0
DA:208,0
DA:215,0
DA:216,0
DA:217,0
DA:218,0
DA:220,0
DA:221,0
DA:222,0
DA:223,0
DA:224,0
DA:229,0
DA:230,0
DA:233,0
DA:234,0
DA:239,0
DA:240,0
DA:241,0
DA:243,0
DA:244,0
DA:248,0
DA:249,0
DA:250,0
DA:251,0
DA:252,0
DA:253,0
DA:254,0
DA:255,0
DA:257,0
DA:259,0
DA:260,0
DA:261,0
DA:262,0
DA:263,0
DA:269,0
DA:270,0
DA:271,0
DA:272,0
DA:273,0
DA:275,0
DA:276,0
DA:277,0
DA:278,0
DA:281,0
DA:282,0
DA:285,0
DA:296,0
DA:297,0
DA:298,0
DA:299,0
DA:300,0
DA:301,0
DA:302,0
DA:303,0
DA:305,0
DA:307,0
DA:308,0
DA:309,0
DA:310,0
DA:311,0
DA:317,0
DA:318,0
DA:319,0
DA:320,0
DA:321,0
DA:323,0
DA:324,0
DA:325,0
DA:326,0
DA:329,0
DA:330,0
DA:331,0
DA:332,0
DA:335,0
DA:346,0
DA:347,0
DA:349,0
DA:350,0
DA:352,0
DA:364,0
DA:365,0
DA:366,0
DA:367,0
DA:370,0
DA:372,0
DA:387,0
DA:388,0
DA:390,0
DA:392,0
DA:393,0
DA:394,0
DA:395,0
DA:396,0
DA:397,0
DA:402,0
DA:411,0
DA:413,0
DA:415,0
DA:416,0
DA:417,0
DA:418,0
DA:419,0
DA:423,0
DA:425,0
DA:426,0
LF:163
LH:0
end_of_record
SF:lib\pages\group_chat\binding.dart
DA:6,0
DA:8,0
LF:2
LH:0
end_of_record
SF:lib\pages\group_chat\view.dart
DA:11,0
DA:13,0
DA:14,0
DA:15,0
DA:16,0
LF:5
LH:0
end_of_record
SF:lib\pages\home\view.dart
DA:25,0
DA:27,0
DA:28,0
DA:29,0
DA:36,0
DA:37,0
DA:38,0
DA:94,0
DA:95,0
DA:96,0
DA:104,0
DA:105,0
DA:107,0
DA:108,0
DA:109,0
DA:110,0
DA:111,0
DA:113,0
DA:114,0
DA:115,0
DA:116,0
DA:117,0
DA:118,0
DA:119,0
DA:120,0
DA:121,0
DA:123,0
DA:124,0
DA:142,0
DA:143,0
DA:144,0
DA:145,0
DA:157,0
DA:158,0
DA:159,0
DA:160,0
DA:162,0
DA:163,0
DA:164,0
DA:168,0
DA:169,0
DA:174,0
DA:175,0
DA:176,0
DA:178,0
DA:179,0
DA:180,0
DA:182,0
DA:183,0
DA:188,0
DA:193,0
DA:194,0
DA:195,0
DA:196,0
DA:197,0
DA:198,0
DA:199,0
DA:200,0
DA:201,0
DA:202,0
DA:206,0
DA:207,0
DA:208,0
DA:211,0
DA:212,0
DA:213,0
DA:214,0
DA:215,0
DA:216,0
DA:220,0
DA:221,0
DA:222,0
DA:227,0
DA:228,0
DA:229,0
DA:230,0
DA:231,0
DA:234,0
DA:235,0
DA:236,0
DA:237,0
DA:238,0
DA:239,0
DA:241,0
DA:244,0
DA:245,0
DA:248,0
DA:249,0
DA:252,0
DA:253,0
DA:256,0
DA:257,0
DA:262,0
DA:263,0
DA:265,0
DA:271,0
DA:272,0
DA:273,0
DA:276,0
DA:277,0
DA:283,0
DA:284,0
DA:285,0
DA:286,0
DA:288,0
DA:290,0
DA:291,0
DA:292,0
DA:295,0
DA:298,0
DA:301,0
DA:302,0
DA:303,0
DA:304,0
DA:305,0
DA:306,0
DA:311,0
DA:312,0
DA:313,0
DA:314,0
DA:315,0
DA:320,0
DA:321,0
DA:322,0
DA:323,0
DA:324,0
DA:329,0
DA:330,0
DA:331,0
DA:332,0
DA:333,0
DA:338,0
DA:339,0
DA:340,0
DA:341,0
DA:347,0
DA:348,0
DA:349,0
DA:350,0
DA:351,0
DA:352,0
DA:353,0
DA:360,0
DA:361,0
DA:362,0
DA:363,0
DA:364,0
DA:365,0
DA:366,0
DA:367,0
DA:368,0
DA:370,0
DA:373,0
DA:374,0
DA:377,0
DA:379,0
DA:380,0
DA:381,0
DA:383,0
DA:386,0
DA:387,0
DA:388,0
DA:389,0
DA:390,0
DA:391,0
DA:393,0
DA:394,0
DA:435,0
DA:438,0
DA:440,0
DA:441,0
DA:443,0
DA:445,0
DA:446,0
DA:447,0
DA:448,0
DA:449,0
DA:450,0
DA:451,0
DA:452,0
LF:180
LH:0
end_of_record
SF:lib\pages\my_user\binding.dart
DA:8,0
DA:10,0
DA:11,0
DA:12,0
LF:4
LH:0
end_of_record
SF:lib\pages\my_user\view.dart
DA:21,0
DA:23,0
DA:24,0
DA:25,0
DA:31,0
DA:32,0
DA:33,0
DA:34,0
DA:35,0
DA:36,0
DA:37,0
DA:38,0
DA:41,0
DA:42,0
DA:43,0
DA:44,0
DA:45,0
DA:46,0
DA:50,0
DA:51,0
DA:52,0
DA:53,0
DA:54,0
DA:56,0
DA:58,0
DA:59,0
DA:60,0
DA:61,0
DA:62,0
DA:64,0
DA:65,0
DA:66,0
DA:67,0
DA:68,0
DA:69,0
DA:71,0
DA:73,0
DA:77,0
DA:78,0
DA:79,0
DA:80,0
DA:81,0
DA:82,0
DA:83,0
DA:84,0
DA:89,0
DA:90,0
DA:91,0
DA:92,0
DA:93,0
DA:94,0
DA:95,0
DA:96,0
DA:97,0
DA:98,0
DA:99,0
DA:100,0
DA:101,0
DA:102,0
DA:103,0
DA:104,0
DA:105,0
DA:107,0
DA:109,0
DA:118,0
DA:121,0
DA:123,0
DA:124,0
DA:126,0
DA:134,0
DA:136,0
DA:137,0
DA:138,0
DA:141,0
DA:143,0
DA:144,0
DA:145,0
DA:147,0
DA:152,0
DA:158,0
DA:159,0
DA:160,0
DA:161,0
DA:162,0
DA:163,0
DA:164,0
DA:165,0
DA:166,0
DA:167,0
DA:169,0
DA:171,0
DA:180,0
DA:183,0
DA:185,0
DA:186,0
DA:188,0
DA:196,0
DA:198,0
DA:199,0
DA:200,0
DA:203,0
DA:205,0
DA:206,0
DA:207,0
DA:209,0
DA:214,0
DA:220,0
DA:221,0
DA:222,0
DA:223,0
DA:224,0
DA:225,0
DA:226,0
DA:227,0
DA:228,0
DA:229,0
DA:230,0
DA:231,0
DA:232,0
DA:233,0
DA:235,0
DA:236,0
DA:238,0
DA:253,0
DA:254,0
DA:255,0
DA:258,0
DA:259,0
DA:261,0
DA:262,0
DA:263,0
DA:264,0
DA:265,0
DA:267,0
DA:268,0
DA:269,0
DA:270,0
DA:271,0
DA:272,0
DA:273,0
DA:274,0
DA:275,0
DA:277,0
DA:278,0
DA:298,0
DA:299,0
DA:304,0
DA:305,0
DA:310,0
DA:311,0
DA:312,0
DA:313,0
DA:314,0
DA:315,0
DA:316,0
DA:317,0
DA:318,0
DA:319,0
DA:320,0
DA:324,0
DA:325,0
DA:326,0
DA:329,0
DA:330,0
DA:331,0
DA:332,0
DA:333,0
DA:334,0
DA:335,0
DA:339,0
DA:340,0
DA:341,0
DA:350,0
DA:351,0
DA:352,0
DA:355,0
DA:356,0
DA:357,0
DA:358,0
DA:359,0
DA:360,0
DA:361,0
DA:362,0
DA:363,0
DA:364,0
DA:365,0
DA:366,0
DA:367,0
DA:368,0
DA:369,0
DA:370,0
DA:371,0
DA:374,0
DA:375,0
DA:377,0
DA:379,0
DA:380,0
DA:381,0
DA:383,0
DA:386,0
DA:387,0
DA:388,0
DA:389,0
DA:390,0
DA:392,0
DA:393,0
DA:409,0
DA:413,0
DA:415,0
DA:416,0
DA:418,0
DA:420,0
DA:421,0
DA:422,0
DA:423,0
DA:424,0
DA:425,0
DA:426,0
DA:427,0
DA:428,0
LF:220
LH:0
end_of_record
SF:lib\pages\oa\about_us\about_us_binding.dart
DA:6,0
DA:8,0
LF:2
LH:0
end_of_record
SF:lib\pages\oa\about_us\about_us_view.dart
DA:17,0
DA:19,0
DA:20,0
DA:21,0
DA:22,0
DA:23,0
DA:25,0
DA:27,0
DA:28,0
DA:32,0
DA:42,0
DA:43,0
DA:44,0
DA:45,0
DA:47,0
DA:49,0
DA:50,0
DA:52,0
DA:53,0
DA:55,0
DA:56,0
DA:57,0
DA:59,0
DA:60,0
DA:63,0
DA:65,0
DA:66,0
DA:68,0
DA:75,0
DA:77,0
DA:78,0
DA:80,0
DA:93,0
DA:95,0
DA:96,0
DA:98,0
DA:99,0
DA:100,0
DA:101,0
DA:102,0
DA:103,0
DA:108,0
DA:109,0
DA:110,0
DA:112,0
DA:114,0
DA:115,0
DA:117,0
DA:118,0
LF:49
LH:0
end_of_record
SF:lib\pages\oa\home_message\binding.dart
DA:7,0
DA:9,0
DA:10,0
LF:3
LH:0
end_of_record
SF:lib\pages\oa\home_message\view.dart
DA:23,0
DA:25,0
DA:27,0
DA:28,0
DA:29,0
DA:35,0
DA:36,0
DA:37,0
DA:38,0
DA:40,0
DA:41,0
DA:42,0
DA:43,0
DA:44,0
DA:45,0
DA:47,0
DA:48,0
DA:49,0
DA:59,0
DA:61,0
DA:67,0
DA:68,0
DA:72,0
DA:76,0
DA:77,0
DA:79,0
DA:80,0
DA:81,0
DA:82,0
DA:83,0
DA:87,0
DA:88,0
DA:89,0
DA:90,0
DA:91,0
DA:92,0
DA:93,0
DA:95,0
DA:96,0
DA:105,0
DA:106,0
DA:107,0
DA:108,0
DA:116,0
DA:117,0
DA:122,0
DA:123,0
DA:124,0
DA:126,0
DA:127,0
DA:128,0
DA:130,0
DA:131,0
DA:136,0
DA:141,0
DA:142,0
DA:143,0
DA:144,0
DA:145,0
DA:146,0
DA:147,0
DA:148,0
DA:149,0
DA:150,0
DA:154,0
DA:155,0
DA:156,0
DA:159,0
DA:160,0
DA:161,0
DA:162,0
DA:163,0
DA:164,0
DA:168,0
DA:169,0
DA:170,0
DA:175,0
DA:176,0
DA:177,0
DA:178,0
DA:179,0
DA:182,0
DA:183,0
DA:184,0
DA:185,0
DA:186,0
DA:187,0
DA:189,0
DA:192,0
DA:193,0
DA:196,0
DA:197,0
DA:200,0
DA:201,0
DA:204,0
DA:205,0
DA:210,0
DA:211,0
DA:213,0
DA:218,0
DA:219,0
DA:220,0
DA:222,0
DA:223,0
DA:229,0
DA:230,0
DA:231,0
DA:233,0
DA:235,0
DA:236,0
DA:237,0
DA:240,0
DA:243,0
DA:246,0
DA:247,0
DA:248,0
DA:249,0
DA:250,0
DA:251,0
DA:256,0
DA:257,0
DA:258,0
DA:259,0
DA:260,0
DA:265,0
DA:266,0
DA:267,0
DA:268,0
DA:269,0
DA:274,0
DA:275,0
DA:276,0
DA:277,0
DA:278,0
DA:283,0
DA:284,0
DA:285,0
DA:286,0
DA:291,0
DA:293,0
DA:294,0
DA:295,0
DA:296,0
DA:297,0
DA:298,0
DA:300,0
DA:301,0
DA:302,0
DA:304,0
DA:307,0
DA:308,0
DA:309,0
DA:310,0
DA:311,0
DA:312,0
DA:314,0
DA:315,0
DA:330,0
DA:334,0
DA:336,0
DA:337,0
DA:339,0
DA:341,0
DA:342,0
DA:343,0
DA:344,0
DA:345,0
DA:346,0
DA:347,0
DA:348,0
DA:349,0
LF:171
LH:0
end_of_record
SF:lib\pages\oa\person\binding.dart
DA:6,0
DA:8,0
LF:2
LH:0
end_of_record
SF:lib\pages\oa\person\follow\binding.dart
DA:6,0
DA:8,0
LF:2
LH:0
end_of_record
SF:lib\pages\oa\person\view.dart
DA:21,0
DA:23,0
DA:24,0
DA:25,0
DA:31,0
DA:32,0
DA:33,0
DA:35,0
DA:36,0
DA:37,0
DA:38,0
DA:39,0
DA:40,0
DA:50,0
DA:51,0
DA:52,0
DA:56,0
DA:57,0
DA:59,0
DA:60,0
DA:62,0
DA:63,0
DA:66,0
DA:67,0
DA:68,0
DA:70,0
DA:72,0
DA:79,0
DA:89,0
DA:90,0
DA:91,0
DA:92,0
DA:95,0
DA:96,0
DA:97,0
DA:100,0
DA:105,0
DA:107,0
DA:108,0
DA:109,0
DA:111,0
DA:113,0
DA:115,0
DA:116,0
DA:118,0
DA:119,0
DA:121,0
DA:122,0
DA:123,0
DA:124,0
DA:125,0
DA:126,0
DA:127,0
DA:129,0
DA:131,0
DA:132,0
DA:134,0
DA:136,0
DA:137,0
DA:139,0
DA:142,0
DA:143,0
DA:144,0
DA:147,0
DA:148,0
DA:149,0
DA:150,0
DA:151,0
DA:152,0
DA:157,0
DA:160,0
DA:163,0
DA:164,0
DA:165,0
DA:166,0
DA:167,0
DA:172,0
DA:173,0
LF:78
LH:0
end_of_record
SF:lib\pages\oa\user_detail\binding.dart
DA:8,0
DA:10,0
DA:11,0
LF:3
LH:0
end_of_record
SF:lib\pages\oa\user_detail\view.dart
DA:34,0
DA:36,0
DA:37,0
DA:38,0
DA:44,0
DA:45,0
DA:47,0
DA:50,0
DA:51,0
DA:54,0
DA:55,0
DA:56,0
DA:58,0
DA:61,0
DA:62,0
DA:63,0
DA:64,0
DA:65,0
DA:66,0
DA:70,0
DA:77,0
DA:78,0
DA:79,0
DA:80,0
DA:82,0
DA:89,0
DA:92,0
DA:93,0
DA:94,0
DA:95,0
DA:96,0
DA:99,0
DA:102,0
DA:103,0
DA:106,0
DA:108,0
DA:110,0
DA:111,0
DA:112,0
DA:115,0
DA:117,0
DA:120,0
DA:122,0
DA:125,0
DA:128,0
DA:130,0
DA:131,0
DA:141,0
DA:142,0
DA:146,0
DA:149,0
DA:150,0
DA:155,0
DA:156,0
DA:157,0
DA:158,0
DA:160,0
DA:161,0
DA:162,0
DA:163,0
DA:164,0
DA:167,0
DA:170,0
DA:173,0
DA:174,0
DA:175,0
DA:176,0
DA:177,0
DA:178,0
DA:181,0
DA:182,0
DA:183,0
DA:184,0
DA:185,0
DA:186,0
DA:187,0
DA:189,0
DA:190,0
DA:191,0
DA:196,0
DA:197,0
DA:198,0
DA:199,0
DA:200,0
DA:201,0
DA:202,0
DA:203,0
DA:204,0
DA:205,0
DA:206,0
DA:207,0
DA:211,0
DA:212,0
DA:213,0
DA:214,0
DA:215,0
DA:218,0
DA:222,0
DA:223,0
DA:224,0
DA:225,0
DA:226,0
DA:227,0
DA:228,0
DA:229,0
DA:230,0
DA:231,0
DA:232,0
DA:233,0
DA:237,0
DA:239,0
DA:241,0
DA:242,0
DA:243,0
DA:244,0
DA:245,0
DA:246,0
DA:248,0
DA:249,0
DA:250,0
DA:251,0
DA:252,0
DA:253,0
DA:255,0
DA:258,0
DA:259,0
DA:260,0
DA:261,0
DA:262,0
DA:264,0
DA:272,0
DA:273,0
DA:274,0
DA:276,0
DA:277,0
DA:278,0
DA:279,0
DA:283,0
DA:284,0
DA:285,0
DA:286,0
DA:287,0
DA:288,0
DA:289,0
DA:295,0
DA:297,0
DA:299,0
DA:300,0
DA:305,0
DA:306,0
DA:307,0
DA:308,0
DA:309,0
DA:311,0
DA:312,0
DA:313,0
DA:314,0
DA:316,0
DA:317,0
DA:322,0
DA:323,0
DA:325,0
DA:326,0
DA:327,0
DA:330,0
DA:332,0
DA:333,0
DA:334,0
DA:335,0
DA:336,0
DA:346,0
DA:350,0
DA:352,0
DA:353,0
DA:354,0
DA:355,0
DA:356,0
DA:357,0
DA:358,0
DA:359,0
DA:360,0
DA:361,0
DA:362,0
DA:365,0
DA:367,0
DA:368,0
DA:369,0
DA:370,0
DA:371,0
DA:372,0
DA:373,0
DA:374,0
DA:375,0
DA:376,0
DA:377,0
DA:378,0
DA:379,0
DA:380,0
DA:381,0
DA:384,0
DA:386,0
DA:387,0
DA:388,0
DA:389,0
DA:392,0
DA:394,0
DA:395,0
DA:396,0
DA:397,0
DA:400,0
DA:401,0
DA:402,0
DA:419,0
DA:425,0
[...]
DA:81,0
DA:82,0
DA:83,0
DA:84,0
DA:87,0
DA:88,0
DA:90,0
DA:91,0
DA:94,0
DA:95,0
DA:96,0
DA:97,0
DA:98,0
DA:99,0
DA:100,0
DA:103,0
DA:104,0
DA:105,0
DA:106,0
DA:117,0
DA:119,0
DA:121,0
DA:123,0
DA:125,0
DA:127,0
DA:130,0
LF:63
LH:0
end_of_record
SF:lib\pages\select_result\widget\select_result_data.dart
DA:12,0
DA:15,0
DA:16,0
DA:17,0
DA:22,0
DA:27,0
DA:32,0
DA:37,0
DA:42,0
DA:47,0
DA:52,0
DA:57,0
DA:62,0
DA:67,0
DA:72,0
DA:77,0
DA:82,0
DA:87,0
DA:92,0
DA:97,0
DA:102,0
DA:107,0
DA:112,0
DA:117,0
DA:122,0
DA:127,0
LF:26
LH:0
end_of_record
SF:lib\pages\setting\state.dart
DA:2,0
LF:1
LH:0
end_of_record
SF:lib\pages\setting\widget\setting_page.dart
DA:17,0
DA:19,0
DA:20,0
DA:21,0
DA:22,0
DA:23,0
DA:27,0
DA:28,0
DA:30,0
DA:33,0
DA:34,0
DA:35,0
DA:37,0
DA:38,0
DA:80,0
DA:81,0
DA:83,0
DA:84,0
DA:85,0
DA:87,0
DA:95,0
DA:96,0
DA:98,0
DA:100,0
DA:101,0
DA:102,0
DA:103,0
DA:104,0
DA:107,0
DA:108,0
DA:109,0
DA:110,0
DA:111,0
DA:112,0
DA:113,0
DA:114,0
DA:115,0
DA:116,0
DA:127,0
DA:128,0
DA:129,0
DA:130,0
DA:131,0
DA:132,0
DA:135,0
DA:136,0
DA:139,0
DA:141,0
DA:143,0
DA:144,0
DA:149,0
DA:150,0
DA:151,0
DA:152,0
DA:153,0
DA:154,0
DA:157,0
DA:158,0
DA:161,0
DA:163,0
DA:165,0
DA:166,0
DA:171,0
DA:172,0
DA:173,0
DA:174,0
DA:176,0
DA:178,0
DA:179,0
DA:184,0
DA:185,0
DA:186,0
DA:187,0
DA:189,0
DA:191,0
DA:192,0
DA:197,0
DA:198,0
DA:199,0
DA:200,0
DA:202,0
DA:204,0
DA:205,0
DA:210,0
DA:211,0
LF:85
LH:0
end_of_record
SF:lib\pages\total_user\state.dart
DA:2,0
LF:1
LH:0
end_of_record
SF:lib\pages\user_detail\logic.dart
DA:69,0
DA:71,0
DA:74,0
DA:75,0
DA:76,0
DA:77,0
DA:79,0
DA:80,0
DA:85,0
DA:86,0
DA:87,0
DA:88,0
DA:90,0
DA:91,0
DA:92,0
DA:94,0
DA:95,0
DA:96,0
DA:98,0
DA:99,0
DA:100,0
DA:106,0
DA:107,0
DA:108,0
DA:109,0
DA:110,0
DA:111,0
DA:115,0
DA:116,0
DA:119,0
DA:120,0
DA:121,0
DA:122,0
DA:123,0
DA:124,0
DA:125,0
DA:126,0
DA:127,0
DA:128,0
DA:129,0
DA:130,0
DA:131,0
DA:133,0
DA:134,0
DA:135,0
DA:136,0
DA:137,0
DA:138,0
DA:139,0
DA:140,0
DA:141,0
DA:142,0
DA:143,0
DA:144,0
DA:146,0
DA:147,0
DA:148,0
DA:149,0
DA:150,0
DA:151,0
DA:152,0
DA:153,0
DA:154,0
DA:155,0
DA:156,0
DA:157,0
DA:159,0
DA:160,0
DA:161,0
DA:162,0
DA:163,0
DA:164,0
DA:165,0
DA:166,0
DA:167,0
DA:168,0
DA:169,0
DA:170,0
DA:172,0
DA:173,0
DA:174,0
DA:175,0
DA:176,0
DA:177,0
DA:178,0
DA:179,0
DA:180,0
DA:181,0
DA:182,0
DA:183,0
DA:185,0
DA:186,0
DA:187,0
DA:188,0
DA:189,0
DA:190,0
DA:191,0
DA:192,0
DA:193,0
DA:194,0
DA:195,0
DA:196,0
DA:198,0
DA:199,0
DA:200,0
DA:201,0
DA:202,0
DA:203,0
DA:204,0
DA:205,0
DA:206,0
DA:207,0
DA:208,0
DA:210,0
DA:211,0
DA:212,0
DA:213,0
DA:214,0
DA:215,0
DA:216,0
DA:217,0
DA:218,0
DA:219,0
DA:220,0
DA:222,0
DA:223,0
DA:224,0
DA:225,0
DA:226,0
DA:227,0
DA:228,0
DA:229,0
DA:230,0
DA:231,0
DA:232,0
DA:234,0
DA:235,0
DA:236,0
DA:237,0
DA:238,0
DA:239,0
DA:240,0
DA:241,0
DA:242,0
DA:243,0
DA:244,0
DA:248,0
DA:249,0
DA:250,0
DA:251,0
DA:252,0
DA:253,0
DA:254,0
DA:255,0
DA:256,0
DA:257,0
DA:258,0
DA:261,0
DA:262,0
DA:263,0
DA:264,0
DA:265,0
DA:266,0
DA:267,0
DA:268,0
DA:269,0
DA:270,0
DA:271,0
DA:274,0
DA:275,0
DA:276,0
DA:277,0
DA:278,0
DA:279,0
DA:281,0
DA:285,0
DA:286,0
DA:287,0
DA:288,0
DA:289,0
DA:290,0
DA:291,0
DA:292,0
DA:293,0
DA:294,0
DA:295,0
DA:297,0
DA:298,0
DA:299,0
DA:300,0
DA:301,0
DA:302,0
DA:303,0
DA:304,0
DA:306,0
DA:307,0
DA:308,0
DA:309,0
DA:310,0
DA:312,0
DA:316,0
DA:317,0
DA:319,0
DA:320,0
DA:321,0
DA:322,0
DA:323,0
DA:324,0
DA:325,0
DA:326,0
DA:329,0
DA:330,0
DA:331,0
DA:332,0
DA:333,0
DA:335,0
DA:339,0
DA:342,0
DA:343,0
DA:344,0
DA:345,0
DA:346,0
DA:348,0
DA:352,0
DA:353,0
DA:355,0
DA:356,0
DA:357,0
DA:359,0
DA:360,0
DA:361,0
DA:362,0
DA:363,0
DA:364,0
DA:365,0
DA:366,0
DA:367,0
DA:368,0
DA:369,0
DA:370,0
DA:371,0
DA:373,0
DA:375,0
DA:390,0
DA:391,0
DA:398,0
DA:399,0
DA:400,0
DA:401,0
DA:405,0
DA:406,0
DA:407,0
DA:408,0
DA:412,0
DA:413,0
DA:414,0
DA:415,0
DA:416,0
DA:417,0
DA:419,0
DA:423,0
DA:424,0
DA:425,0
DA:426,0
DA:430,0
DA:431,0
DA:432,0
DA:433,0
DA:437,0
DA:438,0
DA:442,0
DA:443,0
DA:444,0
DA:445,0
DA:447,0
DA:451,0
DA:452,0
DA:453,0
DA:454,0
DA:456,0
DA:457,0
DA:461,0
DA:462,0
DA:463,0
DA:469,0
DA:470,0
DA:474,0
DA:477,0
DA:478,0
DA:479,0
DA:482,0
DA:483,0
DA:484,0
DA:485,0
DA:486,0
DA:489,0
DA:490,0
DA:491,0
DA:492,0
DA:493,0
DA:494,0
DA:495,0
DA:496,0
DA:497,0
DA:498,0
DA:499,0
DA:500,0
DA:501,0
DA:502,0
DA:503,0
DA:504,0
DA:505,0
DA:507,0
DA:511,0
DA:512,0
DA:513,0
DA:514,0
DA:515,0
DA:516,0
DA:517,0
DA:518,0
DA:519,0
DA:521,0
LF:323
LH:0
end_of_record
SF:lib\pages\user_detail\state.dart
DA:2,0
LF:1
LH:0
end_of_record
SF:lib\pages\user_detail\widget\detail_common.dart
DA:11,0
DA:14,0
DA:15,0
DA:17,0
DA:18,0
DA:20,0
DA:21,0
DA:22,0
DA:23,0
DA:24,0
DA:26,0
DA:27,0
DA:28,0
DA:30,0
DA:33,0
DA:34,0
DA:35,0
DA:37,0
DA:40,0
DA:41,0
DA:43,0
DA:45,0
DA:47,0
DA:51,0
DA:53,0
DA:54,0
DA:55,0
DA:56,0
DA:57,0
DA:58,0
DA:60,0
DA:62,0
DA:65,0
DA:74,0
DA:76,0
DA:88,0
DA:90,0
DA:96,0
DA:97,0
DA:99,0
DA:105,0
DA:107,0
DA:113,0
DA:124,0
DA:125,0
DA:126,0
DA:129,0
DA:131,0
DA:132,0
DA:133,0
DA:134,0
DA:136,0
DA:137,0
DA:138,0
DA:139,0
DA:140,0
DA:141,0
DA:142,0
DA:144,0
DA:145,0
DA:146,0
DA:147,0
DA:148,0
DA:150,0
DA:155,0
DA:157,0
DA:158,0
DA:160,0
DA:161,0
DA:165,0
DA:166,0
DA:169,0
DA:171,0
DA:173,0
DA:176,0
DA:177,0
DA:178,0
DA:179,0
DA:181,0
DA:182,0
DA:186,0
DA:187,0
DA:198,0
DA:200,0
DA:201,0
DA:202,0
DA:203,0
DA:205,0
DA:215,0
DA:216,0
DA:217,0
DA:218,0
DA:219,0
DA:221,0
DA:223,0
DA:224,0
DA:226,0
DA:228,0
DA:229,0
DA:231,0
DA:233,0
DA:234,0
DA:237,0
DA:248,0
DA:260,0
DA:261,0
DA:263,0
DA:264,0
DA:266,0
DA:267,0
DA:268,0
DA:271,0
DA:272,0
DA:273,0
DA:274,0
DA:275,0
DA:276,0
DA:277,0
DA:279,0
DA:280,0
DA:281,0
DA:284,0
DA:286,0
DA:288,0
DA:289,0
DA:291,0
DA:292,0
DA:296,0
DA:297,0
DA:300,0
DA:301,0
DA:303,0
DA:304,0
DA:306,0
DA:310,0
DA:311,0
DA:312,0
DA:314,0
DA:315,0
DA:319,0
DA:320,0
DA:323,0
DA:324,0
DA:326,0
DA:328,0
DA:329,0
DA:330,0
DA:331,0
DA:335,0
DA:336,0
DA:343,0
DA:345,0
DA:346,0
DA:348,0
DA:357,0
DA:358,0
DA:359,0
DA:360,0
DA:361,0
DA:363,0
DA:365,0
DA:366,0
DA:369,0
DA:371,0
DA:372,0
DA:374,0
DA:376,0
DA:377,0
DA:378,0
DA:379,0
DA:382,0
DA:383,0
DA:395,0
DA:397,0
DA:398,0
DA:401,0
DA:403,0
DA:404,0
DA:405,0
DA:407,0
DA:408,0
DA:409,0
DA:410,0
DA:411,0
DA:412,0
DA:413,0
DA:415,0
DA:416,0
DA:417,0
DA:420,0
DA:422,0
DA:423,0
DA:424,0
DA:426,0
DA:427,0
DA:431,0
DA:432,0
DA:435,0
DA:437,0
DA:438,0
DA:440,0
DA:441,0
DA:442,0
DA:443,0
DA:444,0
DA:446,0
DA:447,0
DA:451,0
DA:452,0
DA:462,0
DA:464,0
DA:465,0
DA:467,0
DA:476,0
DA:477,0
DA:478,0
DA:479,0
DA:480,0
DA:482,0
DA:484,0
DA:485,0
DA:487,0
DA:489,0
DA:490,0
DA:492,0
DA:494,0
DA:495,0
DA:497,0
DA:508,0
DA:511,0
DA:512,0
DA:515,0
DA:517,0
DA:518,0
DA:519,0
DA:520,0
DA:521,0
DA:522,0
DA:523,0
DA:524,0
DA:525,0
DA:527,0
DA:528,0
DA:534,0
DA:535,0
DA:536,0
DA:538,0
DA:539,0
DA:542,0
DA:544,0
DA:545,0
DA:547,0
DA:548,0
DA:549,0
DA:550,0
DA:551,0
DA:553,0
DA:554,0
DA:557,0
DA:558,0
DA:568,0
DA:570,0
DA:571,0
DA:573,0
DA:582,0
DA:583,0
DA:584,0
DA:585,0
DA:587,0
DA:588,0
DA:590,0
DA:601,0
DA:722,0
DA:723,0
DA:724,0
DA:725,0
DA:726,0
DA:727,0
DA:728,0
DA:729,0
DA:730,0
DA:731,0
DA:732,0
DA:735,0
DA:736,0
DA:740,0
DA:741,0
DA:747,0
DA:831,0
LF:289
LH:0
end_of_record
SF:lib\pages\user_detail\widget\detail_item.dart
DA:28,0
DA:30,0
DA:32,0
DA:33,0
DA:34,0
DA:36,0
DA:39,0
DA:47,0
DA:48,0
DA:50,0
DA:55,0
DA:56,0
DA:57,0
DA:58,0
DA:63,0
DA:65,0
DA:66,0
DA:67,0
DA:68,0
DA:69,0
DA:70,0
DA:71,0
DA:73,0
DA:74,0
DA:75,0
DA:76,0
DA:79,0
DA:80,0
DA:82,0
DA:85,0
DA:90,0
DA:92,0
DA:93,0
DA:94,0
DA:95,0
DA:98,0
DA:100,0
DA:101,0
DA:103,0
DA:108,0
DA:110,0
DA:115,0
DA:117,0
DA:118,0
DA:119,0
DA:124,0
DA:126,0
DA:127,0
DA:128,0
DA:129,0
DA:132,0
DA:134,0
DA:136,0
DA:140,0
DA:142,0
DA:147,0
DA:149,0
DA:150,0
DA:151,0
DA:152,0
DA:153,0
DA:156,0
DA:157,0
DA:158,0
DA:163,0
DA:165,0
DA:166,0
DA:167,0
DA:172,0
DA:174,0
DA:175,0
DA:176,0
DA:177,0
DA:180,0
DA:182,0
DA:183,0
DA:185,0
DA:186,0
DA:187,0
DA:189,0
DA:191,0
DA:194,0
DA:196,0
DA:198,0
DA:201,0
DA:203,0
DA:204,0
DA:217,0
DA:222,0
DA:224,0
DA:226,0
DA:227,0
DA:228,0
DA:229,0
DA:232,0
DA:235,0
DA:236,0
DA:238,0
DA:239,0
DA:240,0
DA:242,0
DA:244,0
DA:247,0
DA:249,0
DA:251,0
DA:254,0
DA:256,0
DA:257,0
DA:269,0
DA:274,0
DA:276,0
DA:278,0
DA:279,0
DA:280,0
DA:285,0
DA:287,0
DA:288,0
DA:289,0
DA:290,0
DA:293,0
DA:295,0
DA:296,0
DA:301,0
DA:303,0
DA:308,0
DA:310,0
DA:312,0
DA:313,0
DA:314,0
DA:315,0
DA:318,0
DA:320,0
DA:321,0
DA:322,0
DA:323,0
DA:324,0
DA:325,0
DA:331,0
DA:333,0
DA:338,0
DA:340,0
DA:342,0
DA:343,0
DA:344,0
DA:345,0
DA:348,0
DA:350,0
DA:351,0
DA:352,0
DA:353,0
DA:354,0
DA:355,0
DA:361,0
DA:363,0
DA:368,0
DA:370,0
DA:372,0
DA:373,0
DA:374,0
DA:379,0
DA:381,0
DA:383,0
DA:384,0
DA:385,0
DA:386,0
DA:389,0
DA:393,0
DA:395,0
DA:400,0
DA:403,0
DA:408,0
DA:410,0
DA:412,0
DA:413,0
DA:414,0
DA:415,0
DA:418,0
DA:420,0
DA:421,0
DA:426,0
DA:428,0
DA:433,0
DA:435,0
DA:437,0
DA:438,0
DA:439,0
DA:440,0
DA:443,0
DA:447,0
DA:449,0
DA:454,0
DA:457,0
DA:462,0
DA:464,0
DA:466,0
DA:467,0
DA:468,0
DA:469,0
DA:472,0
DA:476,0
DA:481,0
DA:484,0
DA:489,0
DA:498,0
DA:500,0
DA:501,0
DA:502,0
DA:504,0
DA:507,0
DA:515,0
DA:516,0
DA:518,0
DA:523,0
DA:524,0
DA:525,0
DA:526,0
DA:527,0
DA:530,0
DA:532,0
DA:533,0
DA:538,0
DA:540,0
DA:545,0
DA:547,0
DA:549,0
DA:550,0
DA:551,0
DA:552,0
DA:555,0
DA:559,0
DA:564,0
DA:567,0
DA:572,0
DA:574,0
DA:576,0
DA:577,0
DA:578,0
DA:579,0
DA:582,0
DA:586,0
DA:591,0
DA:594,0
DA:599,0
DA:601,0
DA:602,0
DA:603,0
DA:604,0
DA:607,0
DA:609,0
DA:610,0
DA:615,0
DA:617,0
DA:622,0
DA:624,0
DA:626,0
DA:627,0
DA:628,0
DA:629,0
DA:632,0
DA:634,0
DA:635,0
DA:640,0
DA:642,0
DA:647,0
DA:649,0
DA:651,0
DA:652,0
DA:653,0
DA:654,0
DA:657,0
DA:661,0
DA:663,0
DA:668,0
DA:671,0
DA:676,0
DA:678,0
DA:680,0
DA:681,0
DA:682,0
DA:683,0
DA:686,0
DA:688,0
DA:689,0
DA:690,0
DA:691,0
DA:696,0
DA:698,0
DA:703,0
DA:705,0
DA:707,0
DA:708,0
DA:709,0
DA:710,0
DA:714,0
DA:715,0
DA:717,0
DA:720,0
DA:725,0
DA:727,0
DA:729,0
DA:730,0
DA:731,0
DA:732,0
DA:735,0
DA:737,0
DA:738,0
DA:743,0
DA:745,0
DA:750,0
DA:752,0
DA:754,0
DA:755,0
DA:756,0
DA:757,0
DA:760,0
DA:762,0
DA:763,0
DA:768,0
DA:770,0
DA:775,0
DA:777,0
DA:779,0
DA:780,0
DA:781,0
DA:782,0
DA:785,0
DA:787,0
DA:788,0
DA:793,0
DA:795,0
DA:800,0
DA:802,0
DA:803,0
DA:804,0
DA:805,0
DA:808,0
DA:810,0
DA:811,0
DA:816,0
DA:818,0
DA:823,0
DA:832,0
DA:839,0
DA:840,0
DA:841,0
DA:843,0
DA:846,0
DA:854,0
DA:855,0
DA:857,0
DA:862,0
DA:863,0
DA:864,0
DA:865,0
DA:866,0
DA:869,0
DA:871,0
DA:872,0
DA:877,0
DA:879,0
DA:884,0
DA:886,0
DA:888,0
DA:889,0
DA:890,0
DA:891,0
DA:894,0
DA:896,0
DA:897,0
DA:902,0
DA:904,0
DA:909,0
DA:911,0
DA:913,0
DA:914,0
DA:915,0
DA:916,0
DA:919,0
DA:923,0
DA:925,0
DA:927,0
DA:932,0
DA:935,0
DA:940,0
DA:942,0
DA:944,0
DA:945,0
DA:946,0
DA:947,0
DA:950,0
DA:952,0
DA:953,0
DA:958,0
DA:960,0
DA:965,0
DA:967,0
DA:969,0
DA:970,0
DA:971,0
DA:972,0
DA:975,0
DA:977,0
DA:978,0
DA:983,0
DA:985,0
DA:990,0
DA:992,0
DA:994,0
DA:995,0
DA:996,0
DA:997,0
DA:1000,0
DA:1004,0
DA:1006,0
DA:1008,0
DA:1013,0
DA:1016,0
DA:1021,0
DA:1023,0
DA:1025,0
DA:1026,0
DA:1027,0
DA:1028,0
DA:1031,0
DA:1035,0
DA:1037,0
DA:1039,0
DA:1044,0
DA:1047,0
DA:1052,0
DA:1054,0
DA:1056,0
DA:1057,0
DA:1058,0
DA:1059,0
DA:1062,0
DA:1066,0
DA:1068,0
DA:1070,0
DA:1075,0
DA:1078,0
DA:1083,0
DA:1085,0
DA:1087,0
DA:1088,0
DA:1089,0
DA:1090,0
DA:1093,0
DA:1095,0
DA:1096,0
DA:1097,0
DA:1098,0
DA:1103,0
DA:1105,0
DA:1110,0
DA:1112,0
DA:1121,0
DA:1128,0
DA:1129,0
DA:1130,0
DA:1132,0
DA:1135,0
DA:1143,0
DA:1144,0
DA:1146,0
DA:1151,0
DA:1152,0
DA:1153,0
DA:1154,0
DA:1155,0
DA:1158,0
DA:1160,0
DA:1161,0
DA:1166,0
DA:1168,0
DA:1173,0
DA:1175,0
DA:1176,0
DA:1177,0
DA:1178,0
DA:1181,0
DA:1183,0
DA:1184,0
DA:1189,0
DA:1191,0
DA:1196,0
DA:1198,0
DA:1199,0
DA:1200,0
DA:1201,0
DA:1204,0
DA:1206,0
DA:1207,0
DA:1212,0
DA:1214,0
DA:1219,0
DA:1221,0
DA:1223,0
DA:1224,0
DA:1225,0
DA:1226,0
DA:1229,0
DA:1231,0
DA:1232,0
DA:1237,0
DA:1239,0
DA:1244,0
DA:1246,0
DA:1248,0
DA:1249,0
DA:1250,0
DA:1251,0
DA:1254,0
DA:1256,0
DA:1257,0
DA:1262,0
DA:1264,0
DA:1269,0
DA:1271,0
DA:1273,0
DA:1274,0
DA:1275,0
DA:1276,0
DA:1279,0
DA:1281,0
DA:1282,0
DA:1287,0
DA:1289,0
DA:1294,0
DA:1296,0
DA:1305,0
DA:1313,0
DA:1314,0
DA:1315,0
DA:1317,0
DA:1320,0
DA:1328,0
DA:1329,0
DA:1331,0
DA:1336,0
DA:1337,0
DA:1338,0
DA:1339,0
DA:1340,0
DA:1351,0
DA:1352,0
DA:1353,0
DA:1355,0
DA:1360,0
DA:1362,0
DA:1364,0
DA:1365,0
DA:1366,0
DA:1367,0
DA:1378,0
DA:1379,0
DA:1380,0
DA:1382,0
DA:1387,0
DA:1389,0
DA:1391,0
DA:1392,0
DA:1393,0
DA:1394,0
DA:1397,0
DA:1399,0
DA:1400,0
DA:1401,0
DA:1402,0
DA:1408,0
DA:1410,0
DA:1415,0
DA:1417,0
DA:1419,0
DA:1420,0
DA:1421,0
DA:1422,0
DA:1435,0
DA:1436,0
DA:1437,0
DA:1439,0
DA:1444,0
DA:1446,0
DA:1448,0
DA:1449,0
DA:1450,0
DA:1451,0
DA:1454,0
DA:1456,0
DA:1457,0
DA:1459,0
DA:1460,0
DA:1461,0
DA:1463,0
DA:1464,0
DA:1466,0
DA:1468,0
DA:1469,0
DA:1471,0
DA:1473,0
DA:1474,0
DA:1487,0
DA:1492,0
DA:1494,0
DA:1495,0
DA:1496,0
DA:1498,0
DA:1499,0
DA:1500,0
DA:1501,0
DA:1504,0
DA:1506,0
DA:1507,0
DA:1508,0
DA:1509,0
DA:1515,0
DA:1517,0
DA:1522,0
DA:1524,0
DA:1525,0
DA:1527,0
DA:1528,0
DA:1529,0
DA:1530,0
DA:1535,0
DA:1538,0
DA:1540,0
DA:1541,0
DA:1547,0
DA:1549,0
DA:1554,0
DA:1556,0
DA:1558,0
DA:1559,0
DA:1560,0
DA:1561,0
DA:1564,0
DA:1568,0
DA:1570,0
DA:1572,0
DA:1578,0
DA:1581,0
DA:1586,0
DA:1588,0
DA:1597,0
DA:1604,0
DA:1605,0
DA:1606,0
DA:1608,0
DA:1611,0
DA:1619,0
DA:1620,0
DA:1621,0
DA:1623,0
DA:1628,0
DA:1629,0
DA:1637,0
DA:1640,0
DA:1641,0
DA:1642,0
DA:1644,0
DA:1647,0
DA:1651,0
DA:1655,0
DA:1656,0
DA:1657,0
DA:1659,0
DA:1664,0
DA:1672,0
DA:1675,0
DA:1676,0
DA:1677,0
DA:1679,0
DA:1682,0
DA:1686,0
DA:1690,0
DA:1691,0
DA:1692,0
DA:1694,0
DA:1699,0
DA:1701,0
DA:1702,0
DA:1709,0
DA:1711,0
DA:1712,0
DA:1713,0
DA:1715,0
DA:1718,0
DA:1722,0
DA:1726,0
DA:1727,0
DA:1728,0
DA:1730,0
DA:1735,0
DA:1737,0
DA:1743,0
DA:1745,0
DA:1746,0
DA:1747,0
DA:1749,0
DA:1752,0
DA:1756,0
DA:1760,0
DA:1761,0
DA:1762,0
DA:1764,0
DA:1769,0
DA:1771,0
DA:1772,0
DA:1779,0
DA:1780,0
DA:1781,0
DA:1782,0
DA:1784,0
DA:1787,0
DA:1789,0
DA:1793,0
DA:1794,0
DA:1795,0
DA:1797,0
DA:1802,0
DA:1804,0
DA:1812,0
DA:1816,0
DA:1817,0
DA:1820,0
DA:1822,0
DA:1823,0
DA:1824,0
DA:1825,0
DA:1827,0
DA:1828,0
DA:1829,0
DA:1831,0
DA:1834,0
DA:1835,0
DA:1836,0
DA:1838,0
DA:1841,0
DA:1842,0
DA:1844,0
DA:1846,0
DA:1847,0
DA:1848,0
DA:1851,0
DA:1856,0
DA:1858,0
DA:1859,0
DA:1860,0
DA:1861,0
DA:1862,0
DA:1863,0
DA:1865,0
DA:1867,0
DA:1869,0
DA:1870,0
DA:1879,0
DA:1881,0
DA:1892,0
DA:1895,0
DA:1898,0
DA:1900,0
DA:1901,0
DA:1902,0
DA:1903,0
DA:1904,0
DA:1906,0
DA:1910,0
DA:1919,0
DA:1920,0
DA:1921,0
DA:1922,0
DA:1926,0
DA:1927,0
DA:1928,0
DA:1929,0
DA:1930,0
DA:1932,0
DA:1939,0
DA:1942,0
DA:1943,0
DA:1945,0
DA:1947,0
DA:1948,0
DA:1949,0
DA:1950,0
DA:1951,0
DA:1953,0
DA:1957,0
DA:1966,0
DA:1967,0
DA:1968,0
DA:1969,0
DA:1973,0
DA:1974,0
DA:1975,0
DA:1976,0
DA:1987,0
DA:1989,0
DA:1996,0
DA:1999,0
DA:2000,0
DA:2002,0
DA:2004,0
DA:2005,0
DA:2006,0
DA:2007,0
DA:2009,0
DA:2010,0
DA:2012,0
DA:2016,0
DA:2026,0
DA:2027,0
DA:2028,0
DA:2029,0
DA:2033,0
DA:2034,0
DA:2035,0
DA:2036,0
DA:2046,0
DA:2055,0
DA:2056,0
DA:2059,0
DA:2062,0
DA:2065,0
DA:2068,0
DA:2071,0
DA:2077,0
DA:2079,0
DA:2080,0
DA:2083,0
DA:2086,0
DA:2088,0
DA:2091,0
DA:2093,0
DA:2094,0
DA:2095,0
DA:2096,0
DA:2104,0
DA:2105,0
DA:2106,0
DA:2110,0
DA:2111,0
DA:2114,0
DA:2115,0
DA:2118,0
DA:2119,0
DA:2120,0
DA:2121,0
DA:2128,0
DA:2129,0
DA:2130,0
DA:2131,0
DA:2132,0
DA:2133,0
DA:2134,0
DA:2136,0
DA:2137,0
DA:2147,0
DA:2154,0
DA:2156,0
DA:2157,0
DA:2160,0
DA:2163,0
DA:2165,0
DA:2168,0
DA:2170,0
DA:2171,0
DA:2172,0
DA:2173,0
DA:2181,0
DA:2182,0
DA:2183,0
DA:2187,0
DA:2188,0
DA:2191,0
DA:2192,0
DA:2195,0
DA:2196,0
DA:2197,0
DA:2198,0
DA:2205,0
DA:2206,0
DA:2207,0
DA:2208,0
DA:2209,0
DA:2210,0
DA:2211,0
DA:2213,0
DA:2214,0
DA:2224,0
DA:2231,0
DA:2233,0
DA:2234,0
DA:2237,0
DA:2240,0
DA:2242,0
DA:2245,0
DA:2247,0
DA:2248,0
DA:2256,0
DA:2257,0
DA:2258,0
DA:2262,0
DA:2263,0
DA:2266,0
DA:2267,0
DA:2270,0
DA:2271,0
DA:2272,0
DA:2273,0
DA:2280,0
DA:2281,0
DA:2282,0
DA:2283,0
DA:2284,0
DA:2285,0
DA:2286,0
DA:2288,0
DA:2289,0
DA:2299,0
DA:2306,0
DA:2314,0
DA:2320,0
DA:2322,0
DA:2325,0
DA:2326,0
DA:2329,0
DA:2330,0
DA:2333,0
DA:2334,0
DA:2337,0
DA:2338,0
DA:2339,0
DA:2342,0
DA:2344,0
DA:2346,0
DA:2347,0
DA:2348,0
DA:2355,0
DA:2364,0
DA:2370,0
DA:2372,0
DA:2375,0
DA:2376,0
DA:2379,0
DA:2380,0
DA:2383,0
DA:2384,0
DA:2387,0
DA:2388,0
DA:2389,0
DA:2392,0
DA:2394,0
DA:2396,0
DA:2397,0
DA:2398,0
DA:2405,0
DA:2408,0
DA:2413,0
DA:2419,0
DA:2426,0
DA:2427,0
DA:2434,0
DA:2437,0
DA:2438,0
DA:2441,0
DA:2442,0
DA:2444,0
DA:2445,0
DA:2452,0
DA:2453,0
DA:2457,0
DA:2458,0
DA:2459,0
DA:2461,0
DA:2462,0
DA:2463,0
DA:2470,0
DA:2472,0
DA:2473,0
DA:2474,0
DA:2475,0
DA:2477,0
DA:2478,0
DA:2480,0
DA:2481,0
DA:2482,0
DA:2483,0
DA:2484,0
DA:2485,0
DA:2488,0
DA:2489,0
DA:2494,0
DA:2495,0
DA:2496,0
DA:2497,0
DA:2500,0
DA:2501,0
DA:2502,0
DA:2504,0
DA:2505,0
DA:2512,0
DA:2514,0
DA:2515,0
DA:2518,0
DA:2519,0
DA:2521,0
DA:2522,0
DA:2523,0
DA:2524,0
DA:2525,0
DA:2526,0
DA:2528,0
DA:2530,0
DA:2532,0
DA:2533,0
DA:2535,0
DA:2536,0
DA:2537,0
DA:2538,0
DA:2539,0
DA:2540,0
DA:2541,0
DA:2544,0
DA:2545,0
DA:2546,0
DA:2547,0
DA:2548,0
DA:2549,0
DA:2550,0
DA:2552,0
DA:2553,0
DA:2554,0
DA:2555,0
DA:2559,0
DA:2560,0
DA:2561,0
DA:2562,0
DA:2565,0
DA:2587,0
DA:2588,0
DA:2593,0
DA:2594,0
DA:2595,0
DA:2596,0
DA:2598,0
DA:2599,0
DA:2602,0
DA:2603,0
DA:2604,0
DA:2658,0
DA:2659,0
DA:2661,0
DA:2665,0
DA:2671,0
DA:2672,0
DA:2676,0
DA:2677,0
DA:2679,0
DA:2680,0
DA:2681,0
DA:2688,0
DA:2709,0
DA:2710,0
DA:2715,0
DA:2716,0
DA:2720,0
DA:2721,0
DA:2723,0
DA:2725,0
DA:2726,0
DA:2727,0
DA:2729,0
DA:2732,0
DA:2735,0
DA:2736,0
DA:2738,0
DA:2745,0
DA:2749,0
DA:2750,0
DA:2753,0
DA:2755,0
DA:2756,0
DA:2757,0
DA:2758,0
DA:2760,0
DA:2761,0
DA:2762,0
DA:2764,0
DA:2767,0
DA:2768,0
DA:2769,0
DA:2771,0
DA:2774,0
DA:2775,0
DA:2777,0
DA:2779,0
DA:2780,0
DA:2781,0
DA:2784,0
DA:2789,0
DA:2791,0
DA:2792,0
DA:2793,0
DA:2794,0
DA:2795,0
DA:2796,0
DA:2798,0
DA:2800,0
DA:2802,0
DA:2803,0
DA:2812,0
DA:2814,0
DA:2825,0
DA:2826,0
DA:2827,0
DA:2828,0
DA:2829,0
DA:2830,0
DA:2832,0
DA:2834,0
DA:2835,0
DA:2840,0
DA:2841,0
DA:2842,0
DA:2843,0
DA:2844,0
DA:2845,0
DA:2846,0
DA:2847,0
DA:2848,0
DA:2857,0
DA:2858,0
DA:2859,0
DA:2866,0
DA:2868,0
DA:2873,0
DA:2878,0
DA:2879,0
DA:2882,0
DA:2883,0
DA:2884,0
DA:2885,0
DA:2887,0
DA:2888,0
DA:2896,0
DA:2897,0
DA:2899,0
DA:2900,0
DA:2902,0
DA:2906,0
DA:2907,0
DA:2908,0
DA:2909,0
DA:2911,0
DA:2912,0
DA:2913,0
DA:2926,0
DA:2928,0
DA:2930,0
DA:2935,0
DA:2936,0
DA:2937,0
DA:2938,0
DA:2939,0
DA:2940,0
DA:2941,0
DA:2942,0
DA:2943,0
DA:2947,0
DA:2950,0
DA:2951,0
DA:2953,0
DA:2954,0
DA:2955,0
DA:2956,0
DA:2958,0
DA:2959,0
DA:2960,0
DA:2961,0
DA:2964,0
DA:2969,0
DA:2971,0
DA:2972,0
DA:2974,0
DA:2975,0
DA:2978,0
DA:2980,0
DA:2982,0
DA:2983,0
DA:2984,0
DA:2986,0
DA:2987,0
DA:2988,0
DA:2989,0
DA:2990,0
DA:2991,0
DA:2994,0
DA:2995,0
DA:2996,0
DA:2997,0
DA:2999,0
DA:3000,0
DA:3002,0
DA:3005,0
DA:3010,0
DA:3011,0
DA:3012,0
DA:3014,0
DA:3015,0
DA:3017,0
DA:3020,0
DA:3027,0
DA:3028,0
DA:3029,0
DA:3030,0
DA:3031,0
DA:3032,0
DA:3034,0
DA:3035,0
DA:3036,0
DA:3037,0
DA:3038,0
DA:3040,0
DA:3041,0
DA:3042,0
DA:3043,0
DA:3044,0
DA:3045,0
DA:3046,0
DA:3053,0
DA:3054,0
DA:3055,0
DA:3056,0
DA:3057,0
DA:3058,0
DA:3061,0
DA:3064,0
DA:3065,0
DA:3066,0
DA:3067,0
DA:3068,0
DA:3069,0
DA:3072,0
DA:3075,0
DA:3076,0
DA:3078,0
DA:3079,0
DA:3080,0
DA:3081,0
DA:3082,0
DA:3083,0
DA:3086,0
DA:3089,0
DA:3090,0
DA:3091,0
DA:3093,0
DA:3094,0
DA:3095,0
DA:3096,0
DA:3097,0
DA:3100,0
LF:1263
LH:0
end_of_record
SF:lib\pages\user_detail\widget\circle.dart
DA:9,1
DA:11,0
DA:13,0
DA:15,0
DA:16,0
DA:17,0
DA:18,0
DA:19,0
DA:21,0
DA:22,0
DA:23,0
LF:11
LH:1
end_of_record
SF:lib\pages\user_detail\widget\highlighter_style.dart
DA:12,0
DA:24,0
DA:36,0
DA:48,0
DA:49,0
DA:61,0
DA:73,0
DA:85,0
DA:97,0
DA:98,0
DA:99,0
DA:101,0
DA:102,0
DA:104,0
DA:105,0
DA:106,0
DA:109,0
DA:111,0
DA:112,0
DA:115,0
DA:116,0
DA:118,0
DA:119,0
DA:121,0
DA:122,0
DA:124,0
DA:125,0
DA:127,0
LF:28
LH:0
end_of_record
SF:lib\pages\user_detail\widget\panel.dart
DA:10,0
DA:12,0
DA:14,0
DA:15,0
DA:17,0
DA:18,0
DA:19,0
LF:7
LH:0
end_of_record
